Log file open, 11/16/17 20:05:59
LogWindows: Failed to load 'aqProf.dll' (GetLastError=126)
LogWindows: File 'aqProf.dll' does not exist
LogWindows: Failed to load 'VtuneApi.dll' (GetLastError=126)
LogWindows: File 'VtuneApi.dll' does not exist
LogWindows: Failed to load 'VtuneApi32e.dll' (GetLastError=126)
LogWindows: File 'VtuneApi32e.dll' does not exist
LogInit: Display: Running engine for game: HowTo_AutoCamera
LogPlatformFile: Not using cached read wrapper
LogInit: Display: RandInit(-527244860) SRandInit(-527244860).
LogInit: Read version file with build ID '3709383'
LogInit: Overriding engine version to CL 3709383, compatible CL 3709383
LogInit: Registered custom module enumerator with build ID '3709383'
LogTaskGraph: Started task graph with 5 named threads and 20 total threads with 3 sets of task threads.
LogStats: Stats thread started at 0.225217
LogD3D11RHI: Aftermath initialized
LogPluginManager: Mounting plugin Paper2D
LogPluginManager: Mounting plugin LightPropagationVolume
LogPluginManager: Mounting plugin CodeLiteSourceCodeAccess
LogPluginManager: Mounting plugin GitSourceControl
LogPluginManager: Mounting plugin KDevelopSourceCodeAccess
LogPluginManager: Mounting plugin NullSourceCodeAccess
LogPluginManager: Mounting plugin PerforceSourceControl
LogPluginManager: Mounting plugin SubversionSourceControl
LogPluginManager: Mounting plugin UObjectPlugin
LogPluginManager: Mounting plugin VisualStudioCodeSourceCodeAccess
LogPluginManager: Mounting plugin VisualStudioSourceCodeAccess
LogPluginManager: Mounting plugin XCodeSourceCodeAccess
LogPluginManager: Mounting plugin AssetManagerEditor
LogPluginManager: Mounting plugin AudioCapture
LogPluginManager: Mounting plugin FacialAnimation
LogPluginManager: Mounting plugin GameplayTagsEditor
LogPluginManager: Mounting plugin MobileLauncherProfileWizard
LogPluginManager: Mounting plugin PluginBrowser
LogPluginManager: Mounting plugin SpeedTreeImporter
LogPluginManager: Mounting plugin AlembicImporter
LogPluginManager: Mounting plugin CharacterAI
LogPluginManager: Mounting plugin HTML5Networking
LogPluginManager: Mounting plugin AndroidMedia
LogPluginManager: Mounting plugin AvfMedia
LogPluginManager: Mounting plugin ImgMedia
LogPluginManager: Mounting plugin MediaCompositing
LogPluginManager: Mounting plugin MediaPlayerEditor
LogPluginManager: Mounting plugin WmfMedia
LogPluginManager: Mounting plugin TcpMessaging
LogPluginManager: Mounting plugin UdpMessaging
LogPluginManager: Mounting plugin ActorSequence
LogPluginManager: Mounting plugin LevelSequenceEditor
LogPluginManager: Mounting plugin MatineeToLevelSequence
LogPluginManager: Mounting plugin OnlineSubsystemGooglePlay
LogPluginManager: Mounting plugin OnlineSubsystemIOS
LogPluginManager: Mounting plugin OnlineSubsystem
LogPluginManager: Mounting plugin OnlineSubsystemNull
LogPluginManager: Mounting plugin OnlineSubsystemUtils
LogPluginManager: Mounting plugin AndroidDeviceProfileSelector
LogPluginManager: Mounting plugin AndroidMoviePlayer
LogPluginManager: Mounting plugin AndroidPermission
LogPluginManager: Mounting plugin AppleARKit
LogPluginManager: Mounting plugin AppleMoviePlayer
LogPluginManager: Mounting plugin ArchVisCharacter
LogPluginManager: Mounting plugin CableComponent
LogPluginManager: Mounting plugin CustomMeshComponent
LogPluginManager: Mounting plugin ExampleDeviceProfileSelector
LogPluginManager: Mounting plugin GoogleCloudMessaging
LogPluginManager: Mounting plugin ImmediatePhysics
LogPluginManager: Mounting plugin IOSDeviceProfileSelector
LogPluginManager: Mounting plugin LinuxDeviceProfileSelector
LogPluginManager: Mounting plugin LocationServicesBPLibrary
LogPluginManager: Mounting plugin MobilePatchingUtils
LogPluginManager: Mounting plugin OculusVR
LogPluginManager: Plugin shader directory ../../../Engine/Plugins/Runtime/Oculus/OculusVR/Shaders found
LogPluginManager: Mapping shader source directory ../../../Engine/Plugins/Runtime/Oculus/OculusVR/Shaders to virtual directory /Plugin/OculusVR
LogPluginManager: Mounting plugin PhysXVehicles
LogPluginManager: Mounting plugin ProceduralMeshComponent
LogPluginManager: Mounting plugin RuntimePhysXCooking
LogPluginManager: Mounting plugin SteamVR
LogPluginManager: Mounting plugin WindowsMoviePlayer
LogModuleManager: Display: Found up-to-date module file ../../../../../../Users/jpyepez/Documents/Unreal Projects/UE4AutoCamera/Binaries/Win64/UE4Editor-HowTo_AutoCamera-2217.dll (API version 3709383).
LogModuleManager: Display: Found up-to-date module file ../../../Engine/Plugins/2D/Paper2D/Binaries/Win64/UE4Editor-Paper2D.dll (API version 3709383).
LogModuleManager: Display: Found up-to-date module file ../../../Engine/Plugins/2D/Paper2D/Binaries/Win64/UE4Editor-Paper2DEditor.dll (API version 3709383).
LogModuleManager: Display: Found up-to-date module file ../../../Engine/Plugins/2D/Paper2D/Binaries/Win64/UE4Editor-PaperSpriteSheetImporter.dll (API version 3709383).
LogModuleManager: Display: Found up-to-date module file ../../../Engine/Plugins/2D/Paper2D/Binaries/Win64/UE4Editor-PaperTiledImporter.dll (API version 3709383).
LogModuleManager: Display: Found up-to-date module file ../../../Engine/Plugins/2D/Paper2D/Binaries/Win64/UE4Editor-SmartSnapping.dll (API version 3709383).
LogModuleManager: Display: Found up-to-date module file ../../../Engine/Plugins/Blendables/LightPropagationVolume/Binaries/Win64/UE4Editor-LightPropagationVolumeRuntime.dll (API version 3709383).
LogModuleManager: Display: Found up-to-date module file ../../../Engine/Plugins/Blendables/LightPropagationVolume/Binaries/Win64/UE4Editor-LightPropagationVolumeEditor.dll (API version 3709383).
LogModuleManager: Display: Found up-to-date module file ../../../Engine/Plugins/Developer/GitSourceControl/Binaries/Win64/UE4Editor-GitSourceControl.dll (API version 3709383).
LogModuleManager: Display: Found up-to-date module file ../../../Engine/Plugins/Developer/PerforceSourceControl/Binaries/Win64/UE4Editor-PerforceSourceControl.dll (API version 3709383).
LogModuleManager: Display: Found up-to-date module file ../../../Engine/Plugins/Developer/SubversionSourceControl/Binaries/Win64/UE4Editor-SubversionSourceControl.dll (API version 3709383).
LogModuleManager: Display: Found up-to-date module file ../../../Engine/Plugins/Developer/UObjectPlugin/Binaries/Win64/UE4Editor-UObjectPlugin.dll (API version 3709383).
LogModuleManager: Display: Found up-to-date module file ../../../Engine/Plugins/Developer/VisualStudioCodeSourceCodeAccess/Binaries/Win64/UE4Editor-VisualStudioCodeSourceCodeAccess.dll (API version 3709383).
LogModuleManager: Display: Found up-to-date module file ../../../Engine/Plugins/Developer/VisualStudioSourceCodeAccess/Binaries/Win64/UE4Editor-VisualStudioSourceCodeAccess.dll (API version 3709383).
LogModuleManager: Display: Found up-to-date module file ../../../Engine/Plugins/Editor/AssetManagerEditor/Binaries/Win64/UE4Editor-AssetManagerEditor.dll (API version 3709383).
LogModuleManager: Display: Found up-to-date module file ../../../Engine/Plugins/Editor/AudioCapture/Binaries/Win64/UE4Editor-AudioCapture.dll (API version 3709383).
LogModuleManager: Display: Found up-to-date module file ../../../Engine/Plugins/Editor/FacialAnimation/Binaries/Win64/UE4Editor-FacialAnimation.dll (API version 3709383).
LogModuleManager: Display: Found up-to-date module file ../../../Engine/Plugins/Editor/FacialAnimation/Binaries/Win64/UE4Editor-FacialAnimationEditor.dll (API version 3709383).
LogModuleManager: Display: Found up-to-date module file ../../../Engine/Plugins/Editor/GameplayTagsEditor/Binaries/Win64/UE4Editor-GameplayTagsEditor.dll (API version 3709383).
LogModuleManager: Display: Found up-to-date module file ../../../Engine/Plugins/Editor/MobileLauncherProfileWizard/Binaries/Win64/UE4Editor-MobileLauncherProfileWizard.dll (API version 3709383).
LogModuleManager: Display: Found up-to-date module file ../../../Engine/Plugins/Editor/PluginBrowser/Binaries/Win64/UE4Editor-PluginBrowser.dll (API version 3709383).
LogModuleManager: Display: Found up-to-date module file ../../../Engine/Plugins/Editor/SpeedTreeImporter/Binaries/Win64/UE4Editor-SpeedTreeImporter.dll (API version 3709383).
LogModuleManager: Display: Found up-to-date module file ../../../Engine/Plugins/Experimental/AlembicImporter/Binaries/Win64/UE4Editor-AlembicImporter.dll (API version 3709383).
LogModuleManager: Display: Found up-to-date module file ../../../Engine/Plugins/Experimental/AlembicImporter/Binaries/Win64/UE4Editor-AlembicLibrary.dll (API version 3709383).
LogModuleManager: Display: Found up-to-date module file ../../../Engine/Plugins/Experimental/CharacterAI/Binaries/Win64/UE4Editor-CharacterAI.dll (API version 3709383).
LogModuleManager: Display: Found up-to-date module file ../../../Engine/Plugins/Experimental/HTML5Networking/Binaries/Win64/UE4Editor-HTML5Networking.dll (API version 3709383).
LogModuleManager: Display: Found up-to-date module file ../../../Engine/Plugins/Media/AndroidMedia/Binaries/Win64/UE4Editor-AndroidMediaEditor.dll (API version 3709383).
LogModuleManager: Display: Found up-to-date module file ../../../Engine/Plugins/Media/AndroidMedia/Binaries/Win64/UE4Editor-AndroidMediaFactory.dll (API version 3709383).
LogModuleManager: Display: Found up-to-date module file ../../../Engine/Plugins/Media/AvfMedia/Binaries/Win64/UE4Editor-AvfMediaEditor.dll (API version 3709383).
LogModuleManager: Display: Found up-to-date module file ../../../Engine/Plugins/Media/AvfMedia/Binaries/Win64/UE4Editor-AvfMediaFactory.dll (API version 3709383).
LogModuleManager: Display: Found up-to-date module file ../../../Engine/Plugins/Media/AvfMedia/Binaries/Win64/UE4Editor-AvfMediaFactory.dll (API version 3709383).
LogModuleManager: Display: Found up-to-date module file ../../../Engine/Plugins/Media/ImgMedia/Binaries/Win64/UE4Editor-ImgMedia.dll (API version 3709383).
LogModuleManager: Display: Found up-to-date module file ../../../Engine/Plugins/Media/ImgMedia/Binaries/Win64/UE4Editor-ImgMediaEditor.dll (API version 3709383).
LogModuleManager: Display: Found up-to-date module file ../../../Engine/Plugins/Media/ImgMedia/Binaries/Win64/UE4Editor-ImgMediaFactory.dll (API version 3709383).
LogModuleManager: Display: Found up-to-date module file ../../../Engine/Plugins/Media/ImgMedia/Binaries/Win64/UE4Editor-ImgMediaFactory.dll (API version 3709383).
LogModuleManager: Display: Found up-to-date module file ../../../Engine/Plugins/Media/ImgMedia/Binaries/Win64/UE4Editor-OpenExrWrapper.dll (API version 3709383).
LogModuleManager: Display: Found up-to-date module file ../../../Engine/Plugins/Media/MediaCompositing/Binaries/Win64/UE4Editor-MediaCompositing.dll (API version 3709383).
LogModuleManager: Display: Found up-to-date module file ../../../Engine/Plugins/Media/MediaCompositing/Binaries/Win64/UE4Editor-MediaCompositingEditor.dll (API version 3709383).
LogModuleManager: Display: Found up-to-date module file ../../../Engine/Plugins/Media/MediaPlayerEditor/Binaries/Win64/UE4Editor-MediaPlayerEditor.dll (API version 3709383).
LogModuleManager: Display: Found up-to-date module file ../../../Engine/Plugins/Media/WmfMedia/Binaries/Win64/UE4Editor-WmfMedia.dll (API version 3709383).
LogModuleManager: Display: Found up-to-date module file ../../../Engine/Plugins/Media/WmfMedia/Binaries/Win64/UE4Editor-WmfMediaEditor.dll (API version 3709383).
LogModuleManager: Display: Found up-to-date module file ../../../Engine/Plugins/Media/WmfMedia/Binaries/Win64/UE4Editor-WmfMediaFactory.dll (API version 3709383).
LogModuleManager: Display: Found up-to-date module file ../../../Engine/Plugins/Media/WmfMedia/Binaries/Win64/UE4Editor-WmfMediaFactory.dll (API version 3709383).
LogModuleManager: Display: Found up-to-date module file ../../../Engine/Plugins/Messaging/TcpMessaging/Binaries/Win64/UE4Editor-TcpMessaging.dll (API version 3709383).
LogModuleManager: Display: Found up-to-date module file ../../../Engine/Plugins/Messaging/UdpMessaging/Binaries/Win64/UE4Editor-UdpMessaging.dll (API version 3709383).
LogModuleManager: Display: Found up-to-date module file ../../../Engine/Plugins/MovieScene/ActorSequence/Binaries/Win64/UE4Editor-ActorSequence.dll (API version 3709383).
LogModuleManager: Display: Found up-to-date module file ../../../Engine/Plugins/MovieScene/LevelSequenceEditor/Binaries/Win64/UE4Editor-LevelSequenceEditor.dll (API version 3709383).
LogModuleManager: Display: Found up-to-date module file ../../../Engine/Plugins/MovieScene/MatineeToLevelSequence/Binaries/Win64/UE4Editor-MatineeToLevelSequence.dll (API version 3709383).
LogModuleManager: Display: Found up-to-date module file ../../../Engine/Plugins/Online/OnlineSubsystem/Binaries/Win64/UE4Editor-OnlineSubsystem.dll (API version 3709383).
LogModuleManager: Display: Found up-to-date module file ../../../Engine/Plugins/Online/OnlineSubsystemNull/Binaries/Win64/UE4Editor-OnlineSubsystemNull.dll (API version 3709383).
LogModuleManager: Display: Found up-to-date module file ../../../Engine/Plugins/Online/OnlineSubsystemUtils/Binaries/Win64/UE4Editor-OnlineSubsystemUtils.dll (API version 3709383).
LogModuleManager: Display: Found up-to-date module file ../../../Engine/Plugins/Online/OnlineSubsystemUtils/Binaries/Win64/UE4Editor-OnlineBlueprintSupport.dll (API version 3709383).
LogModuleManager: Display: Found up-to-date module file ../../../Engine/Plugins/Runtime/AndroidDeviceProfileSelector/Binaries/Win64/UE4Editor-AndroidDeviceProfileSelector.dll (API version 3709383).
LogModuleManager: Display: Found up-to-date module file ../../../Engine/Plugins/Runtime/AndroidPermission/Binaries/Win64/UE4Editor-AndroidPermission.dll (API version 3709383).
LogModuleManager: Display: Found up-to-date module file ../../../Engine/Plugins/Runtime/AppleARKit/Binaries/Win64/UE4Editor-AppleARKit.dll (API version 3709383).
LogModuleManager: Display: Found up-to-date module file ../../../Engine/Plugins/Runtime/ArchVisCharacter/Binaries/Win64/UE4Editor-ArchVisCharacter.dll (API version 3709383).
LogModuleManager: Display: Found up-to-date module file ../../../Engine/Plugins/Runtime/CableComponent/Binaries/Win64/UE4Editor-CableComponent.dll (API version 3709383).
LogModuleManager: Display: Found up-to-date module file ../../../Engine/Plugins/Runtime/CustomMeshComponent/Binaries/Win64/UE4Editor-CustomMeshComponent.dll (API version 3709383).
LogModuleManager: Display: Found up-to-date module file ../../../Engine/Plugins/Runtime/ExampleDeviceProfileSelector/Binaries/Win64/UE4Editor-ExampleDeviceProfileSelector.dll (API version 3709383).
LogModuleManager: Display: Found up-to-date module file ../../../Engine/Plugins/Runtime/ImmediatePhysics/Binaries/Win64/UE4Editor-ImmediatePhysics.dll (API version 3709383).
LogModuleManager: Display: Found up-to-date module file ../../../Engine/Plugins/Runtime/ImmediatePhysics/Binaries/Win64/UE4Editor-ImmediatePhysicsEditor.dll (API version 3709383).
LogModuleManager: Display: Found up-to-date module file ../../../Engine/Plugins/Runtime/LocationServicesBPLibrary/Binaries/Win64/UE4Editor-LocationServicesBPLibrary.dll (API version 3709383).
LogModuleManager: Display: Found up-to-date module file ../../../Engine/Plugins/Runtime/MobilePatchingUtils/Binaries/Win64/UE4Editor-MobilePatchingUtils.dll (API version 3709383).
LogModuleManager: Display: Found up-to-date module file ../../../Engine/Plugins/Runtime/Oculus/OculusVR/Binaries/Win64/UE4Editor-OculusHMD.dll (API version 3709383).
LogModuleManager: Display: Found up-to-date module file ../../../Engine/Plugins/Runtime/Oculus/OculusVR/Binaries/Win64/UE4Editor-OculusInput.dll (API version 3709383).
LogModuleManager: Display: Found up-to-date module file ../../../Engine/Plugins/Runtime/Oculus/OculusVR/Binaries/Win64/UE4Editor-OculusEditor.dll (API version 3709383).
LogModuleManager: Display: Found up-to-date module file ../../../Engine/Plugins/Runtime/PhysXVehicles/Binaries/Win64/UE4Editor-PhysXVehicles.dll (API version 3709383).
LogModuleManager: Display: Found up-to-date module file ../../../Engine/Plugins/Runtime/PhysXVehicles/Binaries/Win64/UE4Editor-PhysXVehiclesEditor.dll (API version 3709383).
LogModuleManager: Display: Found up-to-date module file ../../../Engine/Plugins/Runtime/ProceduralMeshComponent/Binaries/Win64/UE4Editor-ProceduralMeshComponent.dll (API version 3709383).
LogModuleManager: Display: Found up-to-date module file ../../../Engine/Plugins/Runtime/ProceduralMeshComponent/Binaries/Win64/UE4Editor-ProceduralMeshComponentEditor.dll (API version 3709383).
LogModuleManager: Display: Found up-to-date module file ../../../Engine/Plugins/Runtime/RuntimePhysXCooking/Binaries/Win64/UE4Editor-RuntimePhysXCooking.dll (API version 3709383).
LogModuleManager: Display: Found up-to-date module file ../../../Engine/Plugins/Runtime/Steam/SteamVR/Binaries/Win64/UE4Editor-SteamVR.dll (API version 3709383).
LogModuleManager: Display: Found up-to-date module file ../../../Engine/Plugins/Runtime/Steam/SteamVR/Binaries/Win64/UE4Editor-SteamVRController.dll (API version 3709383).
LogModuleManager: Display: Found up-to-date module file ../../../Engine/Plugins/Runtime/WindowsMoviePlayer/Binaries/Win64/UE4Editor-WindowsMoviePlayer.dll (API version 3709383).
LogInit: Using libcurl 7.47.1
LogInit:  - built for x86_64-pc-win32
LogInit:  - supports SSL with OpenSSL/1.0.2g
LogInit:  - supports HTTP deflate (compression) using libz 1.2.8
LogInit:  - other features:
LogInit:      CURL_VERSION_SSL
LogInit:      CURL_VERSION_LIBZ
LogInit:      CURL_VERSION_IPV6
LogInit:      CURL_VERSION_ASYNCHDNS
LogInit:      CURL_VERSION_LARGEFILE
LogInit:      CURL_VERSION_IDN
LogInit:  CurlRequestOptions (configurable via config and command line):
LogInit:  - bVerifyPeer = false  - Libcurl will NOT verify peer certificate
LogInit:  - bUseHttpProxy = false  - Libcurl will NOT use HTTP proxy
LogInit:  - bDontReuseConnections = false  - Libcurl will reuse connections
LogInit:  - CertBundlePath = nullptr  - Libcurl will use whatever was configured at build time.
LogInit: Build: ++UE4+Release-4.18-CL-3709383
LogInit: Engine Version: 4.18.0-3709383+++UE4+Release-4.18
LogInit: Compatible Engine Version: 4.18.0-3709383+++UE4+Release-4.18
LogInit: Net CL: 3709383
LogDevObjectVersion: Number of dev versions registered: 16
LogDevObjectVersion:   Dev-Blueprints (B0D832E4-1F89-4F0D-ACCF-7EB736FD4AA2): 10
LogDevObjectVersion:   Dev-Build (E1C64328-A22C-4D53-A36C-8E866417BD8C): 0
LogDevObjectVersion:   Dev-Core (375EC13C-06E4-48FB-B500-84F0262A717E): 2
LogDevObjectVersion:   Dev-Editor (E4B068ED-F494-42E9-A231-DA0B2E46BB41): 20
LogDevObjectVersion:   Dev-Framework (CFFC743F-43B0-4480-9391-14DF171D2073): 30
LogDevObjectVersion:   Dev-Mobile (B02B49B5-BB20-44E9-A304-32B752E40360): 0
LogDevObjectVersion:   Dev-Networking (A4E4105C-59A1-49B5-A7C5-40C4547EDFEE): 0
LogDevObjectVersion:   Dev-Online (39C831C9-5AE6-47DC-9A44-9C173E1C8E7C): 0
LogDevObjectVersion:   Dev-Physics (78F01B33-EBEA-4F98-B9B4-84EACCB95AA2): 0
LogDevObjectVersion:   Dev-Platform (6631380F-2D4D-43E0-8009-CF276956A95A): 0
LogDevObjectVersion:   Dev-Rendering (12F88B9F-8875-4AFC-A67C-D90C383ABD29): 20
LogDevObjectVersion:   Dev-Sequencer (7B5AE74C-D270-4C10-A958-57980B212A5A): 4
LogDevObjectVersion:   Dev-VR (D7296918-1DD6-4BDD-9DE2-64A83CC13884): 0
LogDevObjectVersion:   Dev-LoadTimes (C2A15278-BFE7-4AFE-6C17-90FF531DF755): 1
LogDevObjectVersion:   Private-Geometry (6EACA3D4-40EC-4CC1-B786-8BED09428FC5): 1
LogDevObjectVersion:   Dev-AnimPhys (29E575DD-E0A3-4627-9D10-D276232CDCEA): 12
LogInit: Compiled (64-bit): Oct 20 2017 10:39:19
LogInit: Compiled with Visual C++: 19.00.24215.01
LogInit: Build Configuration: Development
LogInit: Branch Name: ++UE4+Release-4.18
LogInit: Command line:  
LogInit: Base directory: C:/Program Files/Epic Games/UE_4.18/Engine/Binaries/Win64/
LogInit: Installed Engine Build: 1
LogInit: Presizing for max 8388607 objects, including 0 objects not considered by GC, pre-allocating 0 bytes for permanent pool.
LogInit: Object subsystem initialized
[2017.11.16-07.06.01:381][  0]LogInit: Selected Device Profile: [Windows]
[2017.11.16-07.06.01:381][  0]LogInit: Applying CVar settings loaded from the selected device profile: [Windows]
[2017.11.16-07.06.01:393][  0]LogInit: Computer: TOKEYO
[2017.11.16-07.06.01:393][  0]LogInit: User: jpyepez
[2017.11.16-07.06.01:393][  0]LogInit: CPU Page size=4096, Cores=6
[2017.11.16-07.06.01:393][  0]LogInit: High frequency timer resolution =3.410070 MHz
[2017.11.16-07.06.01:393][  0]LogMemory: Memory total: Physical=7.9GB (8GB approx)
[2017.11.16-07.06.01:393][  0]LogMemory: Platform Memory Stats for Windows
[2017.11.16-07.06.01:393][  0]LogMemory: Process Physical Memory: 273.93 MB used, 273.93 MB peak
[2017.11.16-07.06.01:393][  0]LogMemory: Process Virtual Memory: 270.11 MB used, 270.11 MB peak
[2017.11.16-07.06.01:393][  0]LogMemory: Physical Memory: 4016.03 MB used,  4098.34 MB free, 8114.37 MB total
[2017.11.16-07.06.01:393][  0]LogMemory: Virtual Memory: 649.48 MB used,  4098.34 MB free, 134217728.00 MB total
[2017.11.16-07.06.01:519][  0]LogInit: Using OS detected language (en-US).
[2017.11.16-07.06.01:519][  0]LogInit: Using OS detected locale (en-US).
[2017.11.16-07.06.01:522][  0]LogTextLocalizationManager: No specific localization for 'en-US' exists, so the 'en' localization will be used.
[2017.11.16-07.06.01:880][  0]LogInit: Setting process to per monitor DPI aware
[2017.11.16-07.06.02:107][  0]LogD3D11RHI: D3D11 adapters:
[2017.11.16-07.06.02:142][  0]LogD3D11RHI:    0. 'NVIDIA GeForce GTX 1070' (Feature Level 11_0)
[2017.11.16-07.06.02:142][  0]LogD3D11RHI:       8085/0/4057 MB DedicatedVideo/DedicatedSystem/SharedSystem, Outputs:2, VendorId:0x10de
[2017.11.16-07.06.02:143][  0]LogD3D11RHI:    1. 'Microsoft Basic Render Driver' (Feature Level 11_0)
[2017.11.16-07.06.02:143][  0]LogD3D11RHI:       0/0/4057 MB DedicatedVideo/DedicatedSystem/SharedSystem, Outputs:0, VendorId:0x1414
[2017.11.16-07.06.02:143][  0]LogD3D11RHI: Chosen D3D11 Adapter: 0
[2017.11.16-07.06.02:149][  0]LogD3D11RHI: Creating new Direct3DDevice
[2017.11.16-07.06.02:149][  0]LogD3D11RHI:     GPU DeviceId: 0x1b81 (for the marketing name, search the web for "GPU Device Id")
[2017.11.16-07.06.02:149][  0]LogWindows: EnumDisplayDevices:
[2017.11.16-07.06.02:149][  0]LogWindows:    0. 'NVIDIA GeForce GTX 1070' (P:1 D:1)
[2017.11.16-07.06.02:149][  0]LogWindows:    1. 'NVIDIA GeForce GTX 1070' (P:0 D:1)
[2017.11.16-07.06.02:149][  0]LogWindows:    2. 'NVIDIA GeForce GTX 1070' (P:0 D:0)
[2017.11.16-07.06.02:149][  0]LogWindows:    3. 'NVIDIA GeForce GTX 1070' (P:0 D:0)
[2017.11.16-07.06.02:149][  0]LogWindows: DebugString: FoundDriverCount:4 
[2017.11.16-07.06.02:149][  0]LogD3D11RHI:     Adapter Name: NVIDIA GeForce GTX 1070
[2017.11.16-07.06.02:149][  0]LogD3D11RHI:   Driver Version: 384.94 (internal:22.21.13.8494, unified:384.94)
[2017.11.16-07.06.02:149][  0]LogD3D11RHI:      Driver Date: 7-18-2017
[2017.11.16-07.06.02:150][  0]LogRHI: Texture pool is 5660 MB (70% of 8085 MB)
[2017.11.16-07.06.02:179][  0]LogD3D11RHI: Async texture creation enabled
[2017.11.16-07.06.02:190][  0]LogD3D11RHI: GPU Timing Frequency: 1000.000000 (Debug: 2 1)
[2017.11.16-07.06.02:233][  0]LogShaderCompilers: Guid format shader working directory is -24 characters bigger than the processId version (../../../../../../Users/jpyepez/Documents/Unreal Projects/UE4AutoCamera/Intermediate/Shaders/WorkingDirectory/17172/).
[2017.11.16-07.06.02:233][  0]LogShaderCompilers: Cleaned the shader compiler working directory 'C:/Users/jpyepez/AppData/Local/Temp/UnrealShaderWorkingDir/4FD00EC3453EAD1932DA08BC9F4A570D/'.
[2017.11.16-07.06.02:233][  0]LogShaderCompilers: Display: Using Local Shader Compiler.
[2017.11.16-07.06.03:103][  0]LogTemp: Display: Loaded TP AllDesktopTargetPlatform
[2017.11.16-07.06.03:149][  0]LogTemp: Display: Loaded TP MacClientTargetPlatform
[2017.11.16-07.06.03:196][  0]LogTemp: Display: Loaded TP MacNoEditorTargetPlatform
[2017.11.16-07.06.03:243][  0]LogTemp: Display: Loaded TP MacServerTargetPlatform
[2017.11.16-07.06.03:290][  0]LogTemp: Display: Loaded TP MacTargetPlatform
[2017.11.16-07.06.03:336][  0]LogTemp: Display: Loaded TP WindowsClientTargetPlatform
[2017.11.16-07.06.03:382][  0]LogTemp: Display: Loaded TP WindowsNoEditorTargetPlatform
[2017.11.16-07.06.03:429][  0]LogTemp: Display: Loaded TP WindowsServerTargetPlatform
[2017.11.16-07.06.03:471][  0]LogTemp: Display: Loaded TP WindowsTargetPlatform
[2017.11.16-07.06.03:516][  0]LogTemp: Display: Loaded TP Android_ASTCTargetPlatform
[2017.11.16-07.06.03:562][  0]LogTemp: Display: Loaded TP Android_ATCTargetPlatform
[2017.11.16-07.06.03:607][  0]LogTemp: Display: Loaded TP Android_DXTTargetPlatform
[2017.11.16-07.06.03:651][  0]LogTemp: Display: Loaded TP Android_ETC1TargetPlatform
[2017.11.16-07.06.03:695][  0]LogTemp: Display: Loaded TP Android_ETC2TargetPlatform
[2017.11.16-07.06.03:784][  0]LogTemp: Display: Loaded TP Android_MultiTargetPlatform
[2017.11.16-07.06.03:784][  0]LogTemp: Display: Loaded TP Android_PVRTCTargetPlatform
[2017.11.16-07.06.03:829][  0]LogTemp: Display: Loaded TP AndroidTargetPlatform
[2017.11.16-07.06.03:865][  0]LogTemp: Display: Loaded TP HTML5TargetPlatform
[2017.11.16-07.06.03:946][  0]LogTemp: Display: Loaded TP IOSTargetPlatform
[2017.11.16-07.06.03:971][  0]LogTemp: Display: Loaded TP TVOSTargetPlatform
[2017.11.16-07.06.04:015][  0]LogTemp: Display: Loaded TP LinuxClientTargetPlatform
[2017.11.16-07.06.04:061][  0]LogTemp: Display: Loaded TP LinuxNoEditorTargetPlatform
[2017.11.16-07.06.04:106][  0]LogTemp: Display: Loaded TP LinuxServerTargetPlatform
[2017.11.16-07.06.04:152][  0]LogTemp: Display: Loaded TP LinuxTargetPlatform
[2017.11.16-07.06.04:152][  0]LogTargetPlatformManager: Display: Building Assets For Windows
[2017.11.16-07.06.04:570][  0]LogDerivedDataCache: Display: Max Cache Size: 512 MB
[2017.11.16-07.06.04:653][  0]LogDerivedDataCache: Loaded boot cache 0.08s 78MB C:/Users/jpyepez/AppData/Local/UnrealEngine/4.18/DerivedDataCache/Boot.ddc.
[2017.11.16-07.06.04:653][  0]LogDerivedDataCache: Display: Loaded Boot cache: C:/Users/jpyepez/AppData/Local/UnrealEngine/4.18/DerivedDataCache/Boot.ddc
[2017.11.16-07.06.04:653][  0]LogDerivedDataCache: FDerivedDataBackendGraph:  Pak pak cache file ../../../../../../Users/jpyepez/Documents/Unreal Projects/UE4AutoCamera/DerivedDataCache/DDC.ddp not found, will not use a pak cache.
[2017.11.16-07.06.04:653][  0]LogDerivedDataCache: Unable to find inner node Pak for hierarchical cache Hierarchy.
[2017.11.16-07.06.04:653][  0]LogDerivedDataCache: FDerivedDataBackendGraph:  CompressedPak pak cache file ../../../../../../Users/jpyepez/Documents/Unreal Projects/UE4AutoCamera/DerivedDataCache/Compressed.ddp not found, will not use a pak cache.
[2017.11.16-07.06.04:653][  0]LogDerivedDataCache: Unable to find inner node CompressedPak for hierarchical cache Hierarchy.
[2017.11.16-07.06.04:668][  0]LogDerivedDataCache: Display: Pak cache opened for reading ../../../Engine/DerivedDataCache/Compressed.ddp.
[2017.11.16-07.06.04:680][  0]LogDerivedDataCache: Using Local data cache path C:/Users/jpyepez/AppData/Local/UnrealEngine/Common/DerivedDataCache: Writable
[2017.11.16-07.06.04:689][  0]LogMaterial: Verifying Global Shaders for PCD3D_SM5
[2017.11.16-07.06.04:689][  0]LogSlate: Using Freetype 2.6.0
[2017.11.16-07.06.04:690][  0]LogSlate: SlateFontCache - WITH_FREETYPE: 1, WITH_HARFBUZZ: 1
[2017.11.16-07.06.04:690][  0]LogSlate: SlateFontCache - WITH_FREETYPE: 1, WITH_HARFBUZZ: 1
[2017.11.16-07.06.05:023][  0]LogInit: Selected Device Profile: [Windows]
[2017.11.16-07.06.05:320][  0]LogSimplygon: Simplygon DLL not present - disabling.
[2017.11.16-07.06.05:357][  0]LogMeshReduction: Using SimplygonSwarm for distributed automatic mesh merging
[2017.11.16-07.06.05:357][  0]LogMeshReduction: Using QuadricMeshReduction for automatic static mesh reduction
[2017.11.16-07.06.05:357][  0]LogMeshReduction: No automatic skeletal mesh reduction module available
[2017.11.16-07.06.05:357][  0]LogMeshReduction: No automatic mesh merging module available
[2017.11.16-07.06.05:357][  0]LogMeshMerging: No automatic mesh merging module available
[2017.11.16-07.06.05:384][  0]LogNetVersion: HowTo_AutoCamera , NetCL: 3709383, EngineNetVer: 2, GameNetVer: 0 (Checksum: 1856257492)
[2017.11.16-07.06.05:532][  0]LogAssetRegistry: FAssetRegistry took 0.0262 seconds to start up
[2017.11.16-07.06.05:987][  0]LogPackageLocalizationCache: Processed 7 localized package path(s) for 2 prioritized culture(s) in 0.051435 seconds
[2017.11.16-07.06.05:991][  0]LogUObjectArray: 35900 objects as part of root set at end of initial load.
[2017.11.16-07.06.05:991][  0]LogUObjectAllocator: 7372024 out of 0 bytes used by permanent object pool.
[2017.11.16-07.06.05:991][  0]LogUObjectArray: CloseDisregardForGC: 0/0 objects in disregard for GC pool
[2017.11.16-07.06.06:037][  0]LogInit: WinSock: version 1.1 (2.2), MaxSocks=32767, MaxUdp=65467
[2017.11.16-07.06.08:455][  0]LogTcpMessaging: Initializing TcpMessaging bridge
[2017.11.16-07.06.08:496][  0]LogUdpMessaging: Initializing bridge on interface 0.0.0.0:0 to multicast group 230.0.0.1:6666.
[2017.11.16-07.06.09:173][  0]LogMaterial: Uniform references updated for custom material expression Custom.
[2017.11.16-07.06.09:565][  0]SourceControl: Source control is disabled
[2017.11.16-07.06.09:565][  0]SourceControl: Source control is disabled
[2017.11.16-07.06.09:614][  0]SourceControl: Source control is disabled
[2017.11.16-07.06.09:662][  0]SourceControl: Source control is disabled
[2017.11.16-07.06.10:418][  0]LogAndroidPermission: UAndroidPermissionCallbackProxy::GetInstance
[2017.11.16-07.06.10:673][  0]LogOcInput: OculusInput pre-init called
[2017.11.16-07.06.10:918][  0]LogEngine: Initializing Engine...
[2017.11.16-07.06.10:920][  0]LogHMD: Failed to initialize OpenVR with code 110
[2017.11.16-07.06.11:139][  0]LogStats: UGameplayTagsManager::ConstructGameplayTagTree: Construct from data asset -  0.000 s
[2017.11.16-07.06.11:139][  0]LogStats: UGameplayTagsManager::ConstructGameplayTagTree: GameplayTagTreeChangedEvent.Broadcast -  0.000 s
[2017.11.16-07.06.11:251][  0]LogAIModule: Creating AISystem for world Untitled
[2017.11.16-07.06.11:256][  0]LogInit: XAudio2 using 'Speakers / Headphones (Realtek High Definition Audio)' : 2 channels at 48 kHz using 32 bits per sample (channel mask 0x3)
[2017.11.16-07.06.11:270][  0]LogInit: FAudioDevice initialized.
[2017.11.16-07.06.11:438][  0]LogDerivedDataCache: Saved boot cache 0.17s 78MB C:/Users/jpyepez/AppData/Local/UnrealEngine/4.18/DerivedDataCache/Boot.ddc.
[2017.11.16-07.06.11:457][  0]LogInit: Texture streaming: Enabled
[2017.11.16-07.06.11:547][  0]LogEngineSessionManager: EngineSessionManager initialized
[2017.11.16-07.06.11:547][  0]LogEngineSessionManager: EngineSessionManager sent abnormal shutdown report. Type=Crashed, SessionId={4390F8C5-4747-06F7-0AF2-CC89D9820D89}
[2017.11.16-07.06.11:661][  0]LogInit: Transaction tracking system initialized
[2017.11.16-07.06.11:936][  0]BlueprintLog: New page: Editor Load
[2017.11.16-07.06.12:722][  0]LocalizationService: Localization service is disabled
[2017.11.16-07.06.13:399][  0]LogConsoleResponse: Display: 
[2017.11.16-07.06.13:559][  0]LogCook: Display: Max memory allowance for cook 16384mb min free memory 0mb
[2017.11.16-07.06.13:559][  0]LogCook: Display: Mobile HDR setting 1
[2017.11.16-07.06.13:559][  0]LogGameplayTags: Display: UGameplayTagsManager::DoneAddingNativeTags. DelegateIsBound: 0
[2017.11.16-07.06.14:625][  0]LogFileCache: Scanning file cache for directory 'C:/Users/jpyepez/Documents/Unreal Projects/UE4AutoCamera/Content/' took 0.01s
[2017.11.16-07.06.14:667][  0]SourceControl: Source control is disabled
[2017.11.16-07.06.14:667][  0]Cmd: MAP LOAD FILE="../../../../../../Users/jpyepez/Documents/Unreal Projects/UE4AutoCamera/Content/Maps/Map1.umap" TEMPLATE=0 SHOWPROGRESS=1 FEATURELEVEL=3
[2017.11.16-07.06.14:667][  0]LightingResults: New page: Lighting Build
[2017.11.16-07.06.14:705][  0]MapCheck: New page: Map Check
[2017.11.16-07.06.14:705][  0]LightingResults: New page: Lighting Build
[2017.11.16-07.06.14:874][  0]LogAIModule: Creating AISystem for world Map1
[2017.11.16-07.06.14:879][  0]LogEditorServer: Finished looking for orphan Actors (0.000 secs)
[2017.11.16-07.06.14:892][  0]Cmd: MAP CHECKDEP NOCLEARLOG
[2017.11.16-07.06.14:940][  0]MapCheck: Map check complete: 0 Error(s), 0 Warning(s), took 47.689ms to complete.
[2017.11.16-07.06.14:940][  0]LogFileHelpers: Loading map 'Map1' took 0.274
[2017.11.16-07.06.15:127][  0]LogCollectionManager: Loaded 0 collections in 0.001459 seconds
[2017.11.16-07.06.15:202][  0]LogFileCache: Scanning file cache for directory 'C:/Users/jpyepez/Documents/Unreal Projects/UE4AutoCamera/Saved/Collections/' took 0.01s
[2017.11.16-07.06.15:202][  0]LogFileCache: Scanning file cache for directory 'C:/Users/jpyepez/Documents/Unreal Projects/UE4AutoCamera/Content/Developers/jpyepez/Collections/' took 0.01s
[2017.11.16-07.06.15:202][  0]LogFileCache: Scanning file cache for directory 'C:/Users/jpyepez/Documents/Unreal Projects/UE4AutoCamera/Content/Collections/' took 0.01s
[2017.11.16-07.06.15:202][  0]LogCollectionManager: Rebuilt the GUID cache for 0 collections in 0.000001 seconds
[2017.11.16-07.06.15:210][  0]LogContentBrowser: Native class hierarchy populated in 0.0080 seconds. Added 2367 classes and 523 folders.
[2017.11.16-07.06.15:269][  0]LogContentBrowser: Native class hierarchy updated for 'WidgetCarousel' in 0.0006 seconds. Added 0 classes and 0 folders.
[2017.11.16-07.06.15:308][  0]LogContentBrowser: Native class hierarchy updated for 'AddContentDialog' in 0.0007 seconds. Added 0 classes and 0 folders.
[2017.11.16-07.06.15:333][  0]LogSlate: Took 0.000161 seconds to synchronously load lazily loaded font '../../../Engine/Content/Slate/Fonts/Roboto-Regular.ttf' (155K)
[2017.11.16-07.06.15:337][  0]LogSlate: Took 0.000146 seconds to synchronously load lazily loaded font '../../../Engine/Content/Slate/Fonts/Roboto-Bold.ttf' (160K)
[2017.11.16-07.06.15:339][  0]LogSlate: Took 0.000138 seconds to synchronously load lazily loaded font '../../../Engine/Content/Editor/Slate/Fonts/FontAwesome.ttf' (139K)
[2017.11.16-07.06.15:416][  0]LogRenderer: Reallocating scene render targets to support 1248x604 Format 10 NumSamples 1 (Frame:1).
[2017.11.16-07.06.15:579][  0]LogContentBrowser: Native class hierarchy updated for 'HierarchicalLODOutliner' in 0.0006 seconds. Added 1 classes and 2 folders.
[2017.11.16-07.06.15:579][  0]LogLoad: (Engine Initialization) Total time: 16.80 seconds
[2017.11.16-07.06.15:579][  0]LogLoad: (Engine Initialization) Total Blueprint compile time: 0.00 seconds
[2017.11.16-07.06.15:579][  0]LogExternalProfiler: No external profilers were discovered.  External profiling features will not be available.
[2017.11.16-07.06.15:589][  0]LogWindowsTextInputMethodSystem: Display: IME system now deactivated.
[2017.11.16-07.06.15:603][  0]LogAssetRegistry: Asset discovery search completed in 10.0933 seconds
[2017.11.16-07.06.15:604][  0]LogCollectionManager: Rebuilt the object cache for 0 collections in 0.000000 seconds (found 0 objects)
[2017.11.16-07.06.15:604][  0]LogCollectionManager: Fixed up redirectors for 0 collections in 0.000054 seconds (updated 0 objects)
[2017.11.16-07.06.15:607][  0]LogContentStreaming: Texture pool size now 1000 MB
[2017.11.16-07.06.15:643][  0]LogSlate: Took 0.000174 seconds to synchronously load lazily loaded font '../../../Engine/Content/Slate/Fonts/Roboto-Light.ttf' (159K)
[2017.11.16-07.06.17:429][209]LogVSAccessor: Warning: Couldn't access Visual Studio
[2017.11.16-07.06.17:434][209]Candidate modules for hot reload:
[2017.11.16-07.06.17:434][209]  HowTo_AutoCamera
[2017.11.16-07.06.17:434][209]Launching UnrealBuildTool... [C:/Program Files/Epic Games/UE_4.18/Engine/Binaries/DotNET/UnrealBuildTool.exe HowTo_AutoCamera -ModuleWithSuffix HowTo_AutoCamera 9979 Win64 Development -editorrecompile -canskiplink "C:/Users/jpyepez/Documents/Unreal Projects/UE4AutoCamera/HowTo_AutoCamera.uproject" ]
[2017.11.16-07.06.17:435][209]Warning: Starting HotReload took  0.0s.
[2017.11.16-07.06.31:828][933]CompilerResultsLog: New page: Compilation - Nov 17, 2017, 9:06:31 AM
[2017.11.16-07.06.31:828][933]CompilerResultsLog: Using 'git status' to determine working set for adaptive non-unity build.
[2017.11.16-07.06.31:828][933]CompilerResultsLog: Compiling game modules for hot reload
[2017.11.16-07.06.31:828][933]CompilerResultsLog: Parsing headers for HowTo_AutoCameraEditor
[2017.11.16-07.06.31:828][933]CompilerResultsLog:   Running UnrealHeaderTool "C:\Users\jpyepez\Documents\Unreal Projects\UE4AutoCamera\HowTo_AutoCamera.uproject" "C:\Users\jpyepez\Documents\Unreal Projects\UE4AutoCamera\Intermediate\Build\Win64\HowTo_AutoCameraEditor\Development\HowTo_AutoCameraEditor.uhtmanifest" -LogCmds="loginit warning, logexit warning, logdatabase error" -Unattended -WarningsAsErrors -installed
[2017.11.16-07.06.31:828][933]CompilerResultsLog: Reflection code generated for HowTo_AutoCameraEditor in 7.9023418 seconds
[2017.11.16-07.06.31:828][933]CompilerResultsLog: Performing 4 actions (9 in parallel)
[2017.11.16-07.06.31:828][933]CompilerResultsLog: CameraDirector.gen.cpp
[2017.11.16-07.06.31:828][933]CompilerResultsLog: CameraDirector.cpp
[2017.11.16-07.06.31:828][933]CompilerResultsLog: [3/4] Link UE4Editor-HowTo_AutoCamera-9979.dll
[2017.11.16-07.06.31:828][933]CompilerResultsLog: [4/4] Link UE4Editor-HowTo_AutoCamera-9979.lib
[2017.11.16-07.06.31:828][933]CompilerResultsLog:    Creating library C:\Users\jpyepez\Documents\Unreal Projects\UE4AutoCamera\Intermediate\Build\Win64\UE4Editor\Development\UE4Editor-HowTo_AutoCamera-9979.lib and object C:\Users\jpyepez\Documents\Unreal Projects\UE4AutoCamera\Intermediate\Build\Win64\UE4Editor\Development\UE4Editor-HowTo_AutoCamera-9979.exp
[2017.11.16-07.06.31:828][933]CompilerResultsLog:    Creating library C:\Users\jpyepez\Documents\Unreal Projects\UE4AutoCamera\Intermediate\Build\Win64\UE4Editor\Development\UE4Editor-HowTo_AutoCamera-9979.suppressed.lib and object C:\Users\jpyepez\Documents\Unreal Projects\UE4AutoCamera\Intermediate\Build\Win64\UE4Editor\Development\UE4Editor-HowTo_AutoCamera-9979.suppressed.exp
[2017.11.16-07.06.31:828][933]CompilerResultsLog: Total build time: 14.22 seconds (Local executor: 1.42 seconds)
[2017.11.16-07.06.31:828][933]LogMainFrame: MainFrame: Module compiling took 14.399 seconds
[2017.11.16-07.06.31:900][933]LogClass: CameraStruct HotReload.
[2017.11.16-07.06.31:901][933]LogContentBrowser: Native class hierarchy updated for 'HowTo_AutoCamera' in 0.0006 seconds. Added 3 classes and 2 folders.
[2017.11.16-07.06.31:902][933]Display: HotReload successful (0 functions remapped  1 scriptstructs remapped)
[2017.11.16-07.06.31:993][933]LogContentBrowser: Native class hierarchy populated in 0.0083 seconds. Added 2368 classes and 525 folders.
[2017.11.16-07.06.31:995][933]Display: HotReload took 14.6s.
[2017.11.16-07.06.33:800][149]LogSlate: Took 0.000154 seconds to synchronously load lazily loaded font '../../../Engine/Content/Slate/Fonts/Roboto-Light.ttf' (159K)
[2017.11.16-07.06.33:809][149]Cmd: OBJ SAVEPACKAGE PACKAGE="/Game/Maps/Map1" FILE="../../../../../../Users/jpyepez/Documents/Unreal Projects/UE4AutoCamera/Content/Maps/Map1.umap" SILENT=true AUTOSAVING=false KEEPDIRTY=false
[2017.11.16-07.06.33:863][149]LogSavePackage: Save=32.97ms
[2017.11.16-07.06.33:863][149]LogSavePackage: Moving '../../../../../../Users/jpyepez/Documents/Unreal Projects/UE4AutoCamera/Saved/Map1D456146C4D266D610234B2A8F74AA1B2.tmp' to '../../../../../../Users/jpyepez/Documents/Unreal Projects/UE4AutoCamera/Content/Maps/Map1.umap'
[2017.11.16-07.06.33:864][149]LogSavePackage: Display: Finished SavePackage ../../../../../../Users/jpyepez/Documents/Unreal Projects/UE4AutoCamera/Content/Maps/Map1.umap
[2017.11.16-07.06.33:879][149]Cmd: OBJ SAVEPACKAGE PACKAGE="/Game/Maps/Map1_BuiltData" FILE="../../../../../../Users/jpyepez/Documents/Unreal Projects/UE4AutoCamera/Content/Maps/Map1_BuiltData.uasset" SILENT=true
[2017.11.16-07.06.33:894][149]LogSavePackage: Save=12.80ms
[2017.11.16-07.06.33:894][149]LogSavePackage: Moving '../../../../../../Users/jpyepez/Documents/Unreal Projects/UE4AutoCamera/Saved/Map1_BuiltDataD162338C457CF0C6A5E824B0BFEFA1FF.tmp' to '../../../../../../Users/jpyepez/Documents/Unreal Projects/UE4AutoCamera/Content/Maps/Map1_BuiltData.uasset'
[2017.11.16-07.06.33:896][149]LogSavePackage: Display: Finished SavePackage ../../../../../../Users/jpyepez/Documents/Unreal Projects/UE4AutoCamera/Content/Maps/Map1_BuiltData.uasset
[2017.11.16-07.06.34:969][276]LogTemp: Repeating last play command: Selected Viewport
[2017.11.16-07.06.34:986][276]LogPlayLevel: PlayLevel: No blueprints needed recompiling
[2017.11.16-07.06.34:986][276]PIE: New page: PIE session: Map1 (Nov 17, 2017, 9:06:34 AM)
[2017.11.16-07.06.34:987][276]LogPlayLevel: Creating play world package: /Game/Maps/UEDPIE_0_Map1
[2017.11.16-07.06.34:992][276]LogPlayLevel: PIE: StaticDuplicateObject took: (0.005130s)
[2017.11.16-07.06.34:992][276]LogAIModule: Creating AISystem for world Map1
[2017.11.16-07.06.34:992][276]LogPlayLevel: PIE: World Init took: (0.000587s)
[2017.11.16-07.06.34:992][276]LogPlayLevel: PIE: Created PIE world by copying editor world from /Game/Maps/Map1.Map1 to /Game/Maps/UEDPIE_0_Map1.Map1 (0.005960s)
[2017.11.16-07.06.35:006][276]LogInit: XAudio2 using 'Speakers / Headphones (Realtek High Definition Audio)' : 2 channels at 48 kHz using 32 bits per sample (channel mask 0x3)
[2017.11.16-07.06.35:019][276]LogInit: FAudioDevice initialized.
[2017.11.16-07.06.35:063][276]LogUObjectGlobals: Warning: Failed to find object 'Class /Script/HowTo_AutoCamera.HowTo_AutoCameraGameMode'
[2017.11.16-07.06.35:063][276]LogLoad: Game class is 'GameModeBase'
[2017.11.16-07.06.35:065][276]LogWorld: Bringing World /Game/Maps/UEDPIE_0_Map1.Map1 up for play (max tick rate 0) at 2017.11.16-20.06.35
[2017.11.16-07.06.35:065][276]LogWorld: Bringing up level for play took: 0.000941
[2017.11.16-07.06.35:122][276]LogContentBrowser: Native class hierarchy updated for 'MovieSceneCapture' in 0.0007 seconds. Added 11 classes and 0 folders.
[2017.11.16-07.06.35:123][276]PIE: Play in editor start time for /Game/Maps/UEDPIE_0_Map1 0.965
[2017.11.16-07.07.16:150][222]LogHttp: Warning: 000001528FE44A00: request failed, libcurl error: 56 (Failure when receiving data from the peer)
[2017.11.16-07.07.16:150][222]LogHttp: Warning: 000001528FE44A00: libcurl info message cache 0 (  Trying 130.195.5.7...)
[2017.11.16-07.07.16:150][222]LogHttp: Warning: 000001528FE44A00: libcurl info message cache 1 (Connected to www-cache.ecs.vuw.ac.nz (130.195.5.7) port 8080 (#0))
[2017.11.16-07.07.16:150][222]LogHttp: Warning: 000001528FE44A00: libcurl info message cache 2 (Establish HTTP proxy tunnel to datarouter.ol.epicgames.com:443)
[2017.11.16-07.07.16:150][222]LogHttp: Warning: 000001528FE44A00: libcurl info message cache 3 (Ignore 3325 bytes of response-body)
[2017.11.16-07.07.16:150][222]LogHttp: Warning: 000001528FE44A00: libcurl info message cache 4 (Received HTTP code 407 from proxy after CONNECT)
[2017.11.16-07.07.16:150][222]LogHttp: Warning: 000001528FE44A00: libcurl info message cache 5 (Closing connection 0)
[2017.11.16-07.08.18:480][408]LogVSAccessor: Warning: Couldn't access Visual Studio
[2017.11.16-07.08.18:485][408]Candidate modules for hot reload:
[2017.11.16-07.08.18:485][408]  HowTo_AutoCamera
[2017.11.16-07.08.18:485][408]Launching UnrealBuildTool... [C:/Program Files/Epic Games/UE_4.18/Engine/Binaries/DotNET/UnrealBuildTool.exe HowTo_AutoCamera -ModuleWithSuffix HowTo_AutoCamera 3702 Win64 Development -editorrecompile -canskiplink "C:/Users/jpyepez/Documents/Unreal Projects/UE4AutoCamera/HowTo_AutoCamera.uproject" ]
[2017.11.16-07.08.18:487][408]Warning: Starting HotReload took  0.0s.
[2017.11.16-07.08.25:849][270]LogEditorViewport: Clicking on Actor (LMB): CameraActor (CameraActor)
[2017.11.16-07.08.32:952][ 63]CompilerResultsLog: New page: Compilation - Nov 17, 2017, 9:08:32 AM
[2017.11.16-07.08.32:952][ 63]CompilerResultsLog: Using 'git status' to determine working set for adaptive non-unity build.
[2017.11.16-07.08.32:952][ 63]CompilerResultsLog: Compiling game modules for hot reload
[2017.11.16-07.08.32:952][ 63]CompilerResultsLog: Parsing headers for HowTo_AutoCameraEditor
[2017.11.16-07.08.32:952][ 63]CompilerResultsLog:   Running UnrealHeaderTool "C:\Users\jpyepez\Documents\Unreal Projects\UE4AutoCamera\HowTo_AutoCamera.uproject" "C:\Users\jpyepez\Documents\Unreal Projects\UE4AutoCamera\Intermediate\Build\Win64\HowTo_AutoCameraEditor\Development\HowTo_AutoCameraEditor.uhtmanifest" -LogCmds="loginit warning, logexit warning, logdatabase error" -Unattended -WarningsAsErrors -installed
[2017.11.16-07.08.32:952][ 63]CompilerResultsLog: Reflection code generated for HowTo_AutoCameraEditor in 7.9507417 seconds
[2017.11.16-07.08.32:952][ 63]CompilerResultsLog: Performing 3 actions (9 in parallel)
[2017.11.16-07.08.32:952][ 63]CompilerResultsLog: CameraDirector.cpp
[2017.11.16-07.08.32:952][ 63]CompilerResultsLog: [2/3] Link UE4Editor-HowTo_AutoCamera-3702.dll
[2017.11.16-07.08.32:952][ 63]CompilerResultsLog: [3/3] Link UE4Editor-HowTo_AutoCamera-3702.lib
[2017.11.16-07.08.32:953][ 63]CompilerResultsLog:    Creating library C:\Users\jpyepez\Documents\Unreal Projects\UE4AutoCamera\Intermediate\Build\Win64\UE4Editor\Development\UE4Editor-HowTo_AutoCamera-3702.lib and object C:\Users\jpyepez\Documents\Unreal Projects\UE4AutoCamera\Intermediate\Build\Win64\UE4Editor\Development\UE4Editor-HowTo_AutoCamera-3702.exp
[2017.11.16-07.08.32:953][ 63]CompilerResultsLog:    Creating library C:\Users\jpyepez\Documents\Unreal Projects\UE4AutoCamera\Intermediate\Build\Win64\UE4Editor\Development\UE4Editor-HowTo_AutoCamera-3702.suppressed.lib and object C:\Users\jpyepez\Documents\Unreal Projects\UE4AutoCamera\Intermediate\Build\Win64\UE4Editor\Development\UE4Editor-HowTo_AutoCamera-3702.suppressed.exp
[2017.11.16-07.08.32:953][ 63]CompilerResultsLog: Total build time: 14.27 seconds (Local executor: 1.42 seconds)
[2017.11.16-07.08.32:953][ 63]LogMainFrame: MainFrame: Module compiling took 14.472 seconds
[2017.11.16-07.08.33:016][ 63]LogClass: CameraStruct HotReload.
[2017.11.16-07.08.33:018][ 63]LogContentBrowser: Native class hierarchy updated for 'HowTo_AutoCamera' in 0.0007 seconds. Added 3 classes and 2 folders.
[2017.11.16-07.08.33:018][ 63]Display: HotReload successful (0 functions remapped  1 scriptstructs remapped)
[2017.11.16-07.08.33:053][ 63]LogContentBrowser: Native class hierarchy populated in 0.0085 seconds. Added 2368 classes and 525 folders.
[2017.11.16-07.08.33:055][ 63]Display: HotReload took 14.6s.
[2017.11.16-07.08.33:804][153]LogTemp: Repeating last play command: Selected Viewport
[2017.11.16-07.08.33:813][153]LogPlayLevel: PlayLevel: No blueprints needed recompiling
[2017.11.16-07.08.33:813][153]PIE: New page: PIE session: Map1 (Nov 17, 2017, 9:08:33 AM)
[2017.11.16-07.08.33:813][153]LogPlayLevel: Creating play world package: /Game/Maps/UEDPIE_0_Map1
[2017.11.16-07.08.33:819][153]LogPlayLevel: PIE: StaticDuplicateObject took: (0.005461s)
[2017.11.16-07.08.33:819][153]LogAIModule: Creating AISystem for world Map1
[2017.11.16-07.08.33:820][153]LogPlayLevel: PIE: World Init took: (0.000753s)
[2017.11.16-07.08.33:820][153]LogPlayLevel: PIE: Created PIE world by copying editor world from /Game/Maps/Map1.Map1 to /Game/Maps/UEDPIE_0_Map1.Map1 (0.006472s)
[2017.11.16-07.08.33:858][153]LogInit: XAudio2 using 'Speakers / Headphones (Realtek High Definition Audio)' : 2 channels at 48 kHz using 32 bits per sample (channel mask 0x3)
[2017.11.16-07.08.33:871][153]LogInit: FAudioDevice initialized.
[2017.11.16-07.08.33:904][153]LogLoad: Game class is 'GameModeBase'
[2017.11.16-07.08.33:905][153]LogWorld: Bringing World /Game/Maps/UEDPIE_0_Map1.Map1 up for play (max tick rate 0) at 2017.11.16-20.08.33
[2017.11.16-07.08.33:906][153]LogWorld: Bringing up level for play took: 0.000795
[2017.11.16-07.08.33:907][153]PIE: Play in editor start time for /Game/Maps/UEDPIE_0_Map1 -0.254
[2017.11.16-07.09.16:792][932]LogHttp: Warning: 000001528800FB80: request failed, libcurl error: 56 (Failure when receiving data from the peer)
[2017.11.16-07.09.16:792][932]LogHttp: Warning: 000001528800FB80: libcurl info message cache 0 (Hostname in DNS cache was stale, zapped)
[2017.11.16-07.09.16:792][932]LogHttp: Warning: 000001528800FB80: libcurl info message cache 1 (  Trying 130.195.5.7...)
[2017.11.16-07.09.16:792][932]LogHttp: Warning: 000001528800FB80: libcurl info message cache 2 (Connected to www-cache.ecs.vuw.ac.nz (130.195.5.7) port 8080 (#1))
[2017.11.16-07.09.16:792][932]LogHttp: Warning: 000001528800FB80: libcurl info message cache 3 (Establish HTTP proxy tunnel to datarouter.ol.epicgames.com:443)
[2017.11.16-07.09.16:792][932]LogHttp: Warning: 000001528800FB80: libcurl info message cache 4 (Ignore 3325 bytes of response-body)
[2017.11.16-07.09.16:792][932]LogHttp: Warning: 000001528800FB80: libcurl info message cache 5 (Received HTTP code 407 from proxy after CONNECT)
[2017.11.16-07.09.16:792][932]LogHttp: Warning: 000001528800FB80: libcurl info message cache 6 (Closing connection 1)
[2017.11.16-07.10.26:581][822]Cmd: OBJ SAVEPACKAGE PACKAGE="/Game/Maps/Map1" FILE="../../../../../../Users/jpyepez/Documents/Unreal Projects/UE4AutoCamera/Content/Maps/Map1.umap" SILENT=true AUTOSAVING=false KEEPDIRTY=false
[2017.11.16-07.10.26:629][822]LogSavePackage: Save=32.13ms
[2017.11.16-07.10.26:629][822]LogSavePackage: Moving '../../../../../../Users/jpyepez/Documents/Unreal Projects/UE4AutoCamera/Saved/Map15E2F438E4049418057DB56B1C37A4CC9.tmp' to '../../../../../../Users/jpyepez/Documents/Unreal Projects/UE4AutoCamera/Content/Maps/Map1.umap'
[2017.11.16-07.10.26:631][822]LogSavePackage: Display: Finished SavePackage ../../../../../../Users/jpyepez/Documents/Unreal Projects/UE4AutoCamera/Content/Maps/Map1.umap
[2017.11.16-07.10.26:645][822]Cmd: OBJ SAVEPACKAGE PACKAGE="/Game/Maps/Map1_BuiltData" FILE="../../../../../../Users/jpyepez/Documents/Unreal Projects/UE4AutoCamera/Content/Maps/Map1_BuiltData.uasset" SILENT=true
[2017.11.16-07.10.26:663][822]LogSavePackage: Save=10.85ms
[2017.11.16-07.10.26:663][822]LogSavePackage: Moving '../../../../../../Users/jpyepez/Documents/Unreal Projects/UE4AutoCamera/Saved/Map1_BuiltDataA6A24EF3461747A128CC67A9BC6A853F.tmp' to '../../../../../../Users/jpyepez/Documents/Unreal Projects/UE4AutoCamera/Content/Maps/Map1_BuiltData.uasset'
[2017.11.16-07.10.26:665][822]LogSavePackage: Display: Finished SavePackage ../../../../../../Users/jpyepez/Documents/Unreal Projects/UE4AutoCamera/Content/Maps/Map1_BuiltData.uasset
[2017.11.16-07.10.27:760][952]LogVSAccessor: Warning: Couldn't access Visual Studio
[2017.11.16-07.10.27:765][952]Candidate modules for hot reload:
[2017.11.16-07.10.27:765][952]  HowTo_AutoCamera
[2017.11.16-07.10.27:765][952]Launching UnrealBuildTool... [C:/Program Files/Epic Games/UE_4.18/Engine/Binaries/DotNET/UnrealBuildTool.exe HowTo_AutoCamera -ModuleWithSuffix HowTo_AutoCamera 6432 Win64 Development -editorrecompile -canskiplink "C:/Users/jpyepez/Documents/Unreal Projects/UE4AutoCamera/HowTo_AutoCamera.uproject" ]
[2017.11.16-07.10.27:766][952]Warning: Starting HotReload took  0.0s.
[2017.11.16-07.10.42:108][668]CompilerResultsLog: New page: Compilation - Nov 17, 2017, 9:10:42 AM
[2017.11.16-07.10.42:108][668]CompilerResultsLog: Using 'git status' to determine working set for adaptive non-unity build.
[2017.11.16-07.10.42:108][668]CompilerResultsLog: Compiling game modules for hot reload
[2017.11.16-07.10.42:108][668]CompilerResultsLog: Parsing headers for HowTo_AutoCameraEditor
[2017.11.16-07.10.42:108][668]CompilerResultsLog:   Running UnrealHeaderTool "C:\Users\jpyepez\Documents\Unreal Projects\UE4AutoCamera\HowTo_AutoCamera.uproject" "C:\Users\jpyepez\Documents\Unreal Projects\UE4AutoCamera\Intermediate\Build\Win64\HowTo_AutoCameraEditor\Development\HowTo_AutoCameraEditor.uhtmanifest" -LogCmds="loginit warning, logexit warning, logdatabase error" -Unattended -WarningsAsErrors -installed
[2017.11.16-07.10.42:108][668]CompilerResultsLog: Reflection code generated for HowTo_AutoCameraEditor in 7.8129196 seconds
[2017.11.16-07.10.42:108][668]CompilerResultsLog: Performing 3 actions (9 in parallel)
[2017.11.16-07.10.42:108][668]CompilerResultsLog: CameraDirector.cpp
[2017.11.16-07.10.42:108][668]CompilerResultsLog: [2/3] Link UE4Editor-HowTo_AutoCamera-6432.dll
[2017.11.16-07.10.42:108][668]CompilerResultsLog: [3/3] Link UE4Editor-HowTo_AutoCamera-6432.lib
[2017.11.16-07.10.42:108][668]CompilerResultsLog:    Creating library C:\Users\jpyepez\Documents\Unreal Projects\UE4AutoCamera\Intermediate\Build\Win64\UE4Editor\Development\UE4Editor-HowTo_AutoCamera-6432.lib and object C:\Users\jpyepez\Documents\Unreal Projects\UE4AutoCamera\Intermediate\Build\Win64\UE4Editor\Development\UE4Editor-HowTo_AutoCamera-6432.exp
[2017.11.16-07.10.42:108][668]CompilerResultsLog:    Creating library C:\Users\jpyepez\Documents\Unreal Projects\UE4AutoCamera\Intermediate\Build\Win64\UE4Editor\Development\UE4Editor-HowTo_AutoCamera-6432.suppressed.lib and object C:\Users\jpyepez\Documents\Unreal Projects\UE4AutoCamera\Intermediate\Build\Win64\UE4Editor\Development\UE4Editor-HowTo_AutoCamera-6432.suppressed.exp
[2017.11.16-07.10.42:108][668]CompilerResultsLog: Total build time: 14.16 seconds (Local executor: 1.41 seconds)
[2017.11.16-07.10.42:108][668]LogMainFrame: MainFrame: Module compiling took 14.347 seconds
[2017.11.16-07.10.42:173][668]LogClass: CameraStruct HotReload.
[2017.11.16-07.10.42:174][668]LogContentBrowser: Native class hierarchy updated for 'HowTo_AutoCamera' in 0.0007 seconds. Added 3 classes and 2 folders.
[2017.11.16-07.10.42:175][668]Display: HotReload successful (0 functions remapped  1 scriptstructs remapped)
[2017.11.16-07.10.42:210][668]LogContentBrowser: Native class hierarchy populated in 0.0086 seconds. Added 2368 classes and 525 folders.
[2017.11.16-07.10.42:212][668]Display: HotReload took 14.5s.
[2017.11.16-07.10.43:302][799]LogTemp: Repeating last play command: Selected Viewport
[2017.11.16-07.10.43:312][799]LogPlayLevel: PlayLevel: No blueprints needed recompiling
[2017.11.16-07.10.43:312][799]PIE: New page: PIE session: Map1 (Nov 17, 2017, 9:10:43 AM)
[2017.11.16-07.10.43:312][799]LogPlayLevel: Creating play world package: /Game/Maps/UEDPIE_0_Map1
[2017.11.16-07.10.43:317][799]LogPlayLevel: PIE: StaticDuplicateObject took: (0.005404s)
[2017.11.16-07.10.43:318][799]LogAIModule: Creating AISystem for world Map1
[2017.11.16-07.10.43:318][799]LogPlayLevel: PIE: World Init took: (0.000625s)
[2017.11.16-07.10.43:318][799]LogPlayLevel: PIE: Created PIE world by copying editor world from /Game/Maps/Map1.Map1 to /Game/Maps/UEDPIE_0_Map1.Map1 (0.006314s)
[2017.11.16-07.10.43:331][799]LogInit: XAudio2 using 'Speakers / Headphones (Realtek High Definition Audio)' : 2 channels at 48 kHz using 32 bits per sample (channel mask 0x3)
[2017.11.16-07.10.43:346][799]LogInit: FAudioDevice initialized.
[2017.11.16-07.10.43:379][799]LogLoad: Game class is 'GameModeBase'
[2017.11.16-07.10.43:380][799]LogWorld: Bringing World /Game/Maps/UEDPIE_0_Map1.Map1 up for play (max tick rate 0) at 2017.11.16-20.10.43
[2017.11.16-07.10.43:380][799]LogWorld: Bringing up level for play took: 0.000768
[2017.11.16-07.10.43:381][799]PIE: Play in editor start time for /Game/Maps/UEDPIE_0_Map1 -0.782
[2017.11.16-07.11.16:844][800]LogHttp: Warning: 00000152842F1C00: request failed, libcurl error: 56 (Failure when receiving data from the peer)
[2017.11.16-07.11.16:844][800]LogHttp: Warning: 00000152842F1C00: libcurl info message cache 0 (Hostname in DNS cache was stale, zapped)
[2017.11.16-07.11.16:844][800]LogHttp: Warning: 00000152842F1C00: libcurl info message cache 1 (  Trying 130.195.5.7...)
[2017.11.16-07.11.16:844][800]LogHttp: Warning: 00000152842F1C00: libcurl info message cache 2 (Connected to www-cache.ecs.vuw.ac.nz (130.195.5.7) port 8080 (#2))
[2017.11.16-07.11.16:844][800]LogHttp: Warning: 00000152842F1C00: libcurl info message cache 3 (Establish HTTP proxy tunnel to datarouter.ol.epicgames.com:443)
[2017.11.16-07.11.16:844][800]LogHttp: Warning: 00000152842F1C00: libcurl info message cache 4 (Ignore 3325 bytes of response-body)
[2017.11.16-07.11.16:844][800]LogHttp: Warning: 00000152842F1C00: libcurl info message cache 5 (Received HTTP code 407 from proxy after CONNECT)
[2017.11.16-07.11.16:844][800]LogHttp: Warning: 00000152842F1C00: libcurl info message cache 6 (Closing connection 2)
[2017.11.16-07.11.23:129][552]LogEditorViewport: Clicking on Actor (LMB): BP_Sky_Sphere_C (Sky Sphere)
[2017.11.16-07.11.23:733][618]Cmd: OBJ SAVEPACKAGE PACKAGE="/Game/Maps/Map1" FILE="../../../../../../Users/jpyepez/Documents/Unreal Projects/UE4AutoCamera/Content/Maps/Map1.umap" SILENT=true AUTOSAVING=false KEEPDIRTY=false
[2017.11.16-07.11.23:780][618]LogSavePackage: Save=31.69ms
[2017.11.16-07.11.23:780][618]LogSavePackage: Moving '../../../../../../Users/jpyepez/Documents/Unreal Projects/UE4AutoCamera/Saved/Map1944255A44BD909716183E9AAE13BBCE4.tmp' to '../../../../../../Users/jpyepez/Documents/Unreal Projects/UE4AutoCamera/Content/Maps/Map1.umap'
[2017.11.16-07.11.23:783][618]LogSavePackage: Display: Finished SavePackage ../../../../../../Users/jpyepez/Documents/Unreal Projects/UE4AutoCamera/Content/Maps/Map1.umap
[2017.11.16-07.11.23:797][618]Cmd: OBJ SAVEPACKAGE PACKAGE="/Game/Maps/Map1_BuiltData" FILE="../../../../../../Users/jpyepez/Documents/Unreal Projects/UE4AutoCamera/Content/Maps/Map1_BuiltData.uasset" SILENT=true
[2017.11.16-07.11.23:810][618]LogSavePackage: Save=10.65ms
[2017.11.16-07.11.23:811][618]LogSavePackage: Moving '../../../../../../Users/jpyepez/Documents/Unreal Projects/UE4AutoCamera/Saved/Map1_BuiltData35B66CB2480FA79CE9035DA14238C979.tmp' to '../../../../../../Users/jpyepez/Documents/Unreal Projects/UE4AutoCamera/Content/Maps/Map1_BuiltData.uasset'
[2017.11.16-07.11.23:812][618]LogSavePackage: Display: Finished SavePackage ../../../../../../Users/jpyepez/Documents/Unreal Projects/UE4AutoCamera/Content/Maps/Map1_BuiltData.uasset
[2017.11.16-07.11.24:663][719]LogTemp: Repeating last play command: Selected Viewport
[2017.11.16-07.11.24:672][719]LogPlayLevel: PlayLevel: No blueprints needed recompiling
[2017.11.16-07.11.24:673][719]PIE: New page: PIE session: Map1 (Nov 17, 2017, 9:11:24 AM)
[2017.11.16-07.11.24:673][719]LogPlayLevel: Creating play world package: /Game/Maps/UEDPIE_0_Map1
[2017.11.16-07.11.24:677][719]LogPlayLevel: PIE: StaticDuplicateObject took: (0.004586s)
[2017.11.16-07.11.24:678][719]LogAIModule: Creating AISystem for world Map1
[2017.11.16-07.11.24:678][719]LogPlayLevel: PIE: World Init took: (0.000643s)
[2017.11.16-07.11.24:678][719]LogPlayLevel: PIE: Created PIE world by copying editor world from /Game/Maps/Map1.Map1 to /Game/Maps/UEDPIE_0_Map1.Map1 (0.005486s)
[2017.11.16-07.11.24:692][719]LogInit: XAudio2 using 'Speakers / Headphones (Realtek High Definition Audio)' : 2 channels at 48 kHz using 32 bits per sample (channel mask 0x3)
[2017.11.16-07.11.24:704][719]LogInit: FAudioDevice initialized.
[2017.11.16-07.11.24:736][719]LogLoad: Game class is 'GameModeBase'
[2017.11.16-07.11.24:737][719]LogWorld: Bringing World /Game/Maps/UEDPIE_0_Map1.Map1 up for play (max tick rate 0) at 2017.11.16-20.11.24
[2017.11.16-07.11.24:737][719]LogWorld: Bringing up level for play took: 0.000802
[2017.11.16-07.11.24:738][719]PIE: Play in editor start time for /Game/Maps/UEDPIE_0_Map1 0.574
[2017.11.16-07.11.49:106][629]Cmd: OBJ SAVEPACKAGE PACKAGE="/Game/Maps/Map1" FILE="../../../../../../Users/jpyepez/Documents/Unreal Projects/UE4AutoCamera/Content/Maps/Map1.umap" SILENT=true AUTOSAVING=false KEEPDIRTY=false
[2017.11.16-07.11.49:158][629]LogSavePackage: Save=31.67ms
[2017.11.16-07.11.49:158][629]LogSavePackage: Moving '../../../../../../Users/jpyepez/Documents/Unreal Projects/UE4AutoCamera/Saved/Map17901750F4AD0268B8606468FFD999F12.tmp' to '../../../../../../Users/jpyepez/Documents/Unreal Projects/UE4AutoCamera/Content/Maps/Map1.umap'
[2017.11.16-07.11.49:160][629]LogSavePackage: Display: Finished SavePackage ../../../../../../Users/jpyepez/Documents/Unreal Projects/UE4AutoCamera/Content/Maps/Map1.umap
[2017.11.16-07.11.49:174][629]Cmd: OBJ SAVEPACKAGE PACKAGE="/Game/Maps/Map1_BuiltData" FILE="../../../../../../Users/jpyepez/Documents/Unreal Projects/UE4AutoCamera/Content/Maps/Map1_BuiltData.uasset" SILENT=true
[2017.11.16-07.11.49:187][629]LogSavePackage: Save=10.66ms
[2017.11.16-07.11.49:187][629]LogSavePackage: Moving '../../../../../../Users/jpyepez/Documents/Unreal Projects/UE4AutoCamera/Saved/Map1_BuiltData6590BC324926D9022355B6BE00815998.tmp' to '../../../../../../Users/jpyepez/Documents/Unreal Projects/UE4AutoCamera/Content/Maps/Map1_BuiltData.uasset'
[2017.11.16-07.11.49:189][629]LogSavePackage: Display: Finished SavePackage ../../../../../../Users/jpyepez/Documents/Unreal Projects/UE4AutoCamera/Content/Maps/Map1_BuiltData.uasset
[2017.11.16-07.11.52:260][991]LogWindowsTextInputMethodSystem: Display: IME system now deactivated.
[2017.11.16-07.11.52:421][992]Cmd: QUIT_EDITOR
[2017.11.16-07.11.52:951][992]LogExit: Preparing to exit.
[2017.11.16-07.11.53:644][992]LogDirectoryWatcher: A directory notification for 'C:/Users/jpyepez/Documents/Unreal Projects/UE4AutoCamera/Content/' was aborted.
[2017.11.16-07.11.53:656][992]LogExit: Editor shut down
[2017.11.16-07.11.53:660][992]LogExit: Transaction tracking system shut down
[2017.11.16-07.11.53:795][992]LogDirectoryWatcher: A directory notification for '../../../Engine/Content/' was aborted.
[2017.11.16-07.11.53:795][992]LogDirectoryWatcher: A directory notification for '../../../../../../Users/jpyepez/Documents/Unreal Projects/UE4AutoCamera/Content/' was aborted.
[2017.11.16-07.11.53:796][992]LogDirectoryWatcher: A directory notification for '../../../Engine/Plugins/2D/Paper2D/Content/' was aborted.
[2017.11.16-07.11.53:796][992]LogDirectoryWatcher: A directory notification for '../../../Engine/Plugins/Media/MediaCompositing/Content/' was aborted.
[2017.11.16-07.11.53:796][992]LogDirectoryWatcher: A directory notification for '../../../Engine/Plugins/Runtime/AppleARKit/Content/' was aborted.
[2017.11.16-07.11.53:796][992]LogDirectoryWatcher: A directory notification for '../../../Engine/Plugins/Runtime/Oculus/OculusVR/Content/' was aborted.
[2017.11.16-07.11.53:796][992]LogDirectoryWatcher: A directory notification for '../../../Engine/Plugins/Runtime/Steam/SteamVR/Content/' was aborted.
[2017.11.16-07.11.53:832][992]LogExit: Object subsystem successfully closed.
[2017.11.16-07.11.53:846][992]LogD3D11RHI: Shutdown
[2017.11.16-07.11.53:846][992]LogD3D11RHI: CleanupD3DDevice
[2017.11.16-07.11.53:848][992]LogD3D11RHI: ~FD3D11DynamicRHI
[2017.11.16-07.11.53:861][992]LogModuleManager: Shutting down and abandoning module HowTo_AutoCamera (555)
[2017.11.16-07.11.53:861][992]LogModuleManager: Shutting down and abandoning module MovieSceneCapture (553)
[2017.11.16-07.11.53:861][992]LogModuleManager: Shutting down and abandoning module HierarchicalLODOutliner (550)
[2017.11.16-07.11.53:861][992]LogModuleManager: Shutting down and abandoning module DesktopPlatform (548)
[2017.11.16-07.11.53:861][992]LogModuleManager: Shutting down and abandoning module AddContentDialog (546)
[2017.11.16-07.11.53:861][992]LogDirectoryWatcher: A directory notification for 'C:/Program Files/Epic Games/UE_4.18/FeaturePacks/' was aborted.
[2017.11.16-07.11.53:862][992]LogModuleManager: Shutting down and abandoning module WidgetCarousel (545)
[2017.11.16-07.11.53:862][992]LogModuleManager: Shutting down and abandoning module EditorWidgets (542)
[2017.11.16-07.11.53:862][992]LogModuleManager: Shutting down and abandoning module CollectionManager (540)
[2017.11.16-07.11.53:862][992]LogDirectoryWatcher: A directory notification for 'C:/Users/jpyepez/Documents/Unreal Projects/UE4AutoCamera/Content/Collections/' was aborted.
[2017.11.16-07.11.53:862][992]LogDirectoryWatcher: A directory notification for 'C:/Users/jpyepez/Documents/Unreal Projects/UE4AutoCamera/Content/Developers/jpyepez/Collections/' was aborted.
[2017.11.16-07.11.53:862][992]LogDirectoryWatcher: A directory notification for 'C:/Users/jpyepez/Documents/Unreal Projects/UE4AutoCamera/Saved/Collections/' was aborted.
[2017.11.16-07.11.53:862][992]LogModuleManager: Shutting down and abandoning module SceneOutliner (538)
[2017.11.16-07.11.53:862][992]LogModuleManager: Shutting down and abandoning module StatsViewer (536)
[2017.11.16-07.11.53:862][992]LogModuleManager: Shutting down and abandoning module FoliageEdit (534)
[2017.11.16-07.11.53:862][992]LogModuleManager: Shutting down and abandoning module LandscapeEditor (532)
[2017.11.16-07.11.53:862][992]LogModuleManager: Shutting down and abandoning module MeshPaintMode (530)
[2017.11.16-07.11.53:862][992]LogModuleManager: Shutting down and abandoning module SceneDepthPickerMode (528)
[2017.11.16-07.11.53:862][992]LogModuleManager: Shutting down and abandoning module ActorPickerMode (526)
[2017.11.16-07.11.53:862][992]LogModuleManager: Shutting down and abandoning module GeometryMode (524)
[2017.11.16-07.11.53:862][992]LogModuleManager: Shutting down and abandoning module TextureAlignMode (522)
[2017.11.16-07.11.53:862][992]LogModuleManager: Shutting down and abandoning module BspMode (520)
[2017.11.16-07.11.53:862][992]LogModuleManager: Shutting down and abandoning module PIEPreviewDeviceProfileSelector (518)
[2017.11.16-07.11.53:862][992]LogModuleManager: Shutting down and abandoning module HardwareSurvey (516)
[2017.11.16-07.11.53:862][992]LogModuleManager: Shutting down and abandoning module SequenceRecorderSections (514)
[2017.11.16-07.11.53:862][992]LogModuleManager: Shutting down and abandoning module AutomationWorker (512)
[2017.11.16-07.11.53:862][992]LogModuleManager: Shutting down and abandoning module MatineeToLevelSequence (510)
[2017.11.16-07.11.53:862][992]LogModuleManager: Shutting down and abandoning module LevelSequenceEditor (508)
[2017.11.16-07.11.53:863][992]LogModuleManager: Shutting down and abandoning module PlacementMode (507)
[2017.11.16-07.11.53:863][992]LogModuleManager: Shutting down and abandoning module WmfMediaFactory (504)
[2017.11.16-07.11.53:863][992]LogModuleManager: Shutting down and abandoning module WmfMediaEditor (502)
[2017.11.16-07.11.53:863][992]LogModuleManager: Shutting down and abandoning module OpenExrWrapper (500)
[2017.11.16-07.11.53:863][992]LogModuleManager: Shutting down and abandoning module ImgMediaFactory (498)
[2017.11.16-07.11.53:863][992]LogModuleManager: Shutting down and abandoning module ImgMediaEditor (496)
[2017.11.16-07.11.53:863][992]LogModuleManager: Shutting down and abandoning module AvfMediaFactory (494)
[2017.11.16-07.11.53:863][992]LogModuleManager: Shutting down and abandoning module AvfMediaEditor (492)
[2017.11.16-07.11.53:863][992]LogModuleManager: Shutting down and abandoning module AndroidMediaFactory (490)
[2017.11.16-07.11.53:863][992]LogModuleManager: Shutting down and abandoning module AndroidMediaEditor (488)
[2017.11.16-07.11.53:863][992]LogModuleManager: Shutting down and abandoning module CharacterAI (486)
[2017.11.16-07.11.53:863][992]LogModuleManager: Shutting down and abandoning module AudioCapture (484)
[2017.11.16-07.11.53:863][992]LogModuleManager: Shutting down and abandoning module SequenceRecorder (483)
[2017.11.16-07.11.53:863][992]LogModuleManager: Shutting down and abandoning module SmartSnapping (480)
[2017.11.16-07.11.53:863][992]LogModuleManager: Shutting down and abandoning module SessionServices (478)
[2017.11.16-07.11.53:863][992]LogModuleManager: Shutting down and abandoning module ViewportSnapping (476)
[2017.11.16-07.11.53:863][992]LogModuleManager: Shutting down and abandoning module ViewportInteraction (474)
[2017.11.16-07.11.53:863][992]LogModuleManager: Shutting down and abandoning module ClothPainter (472)
[2017.11.16-07.11.53:863][992]LogModuleManager: Shutting down and abandoning module SkeletalMeshEditor (471)
[2017.11.16-07.11.53:863][992]LogModuleManager: Shutting down and abandoning module LogVisualizer (468)
[2017.11.16-07.11.53:863][992]LogModuleManager: Shutting down and abandoning module IntroTutorials (466)
[2017.11.16-07.11.53:863][992]LogModuleManager: Shutting down and abandoning module GameProjectGeneration (465)
[2017.11.16-07.11.53:863][992]LogModuleManager: Shutting down and abandoning module IOSPlatformEditor (462)
[2017.11.16-07.11.53:863][992]LogModuleManager: Shutting down and abandoning module HTML5PlatformEditor (460)
[2017.11.16-07.11.53:863][992]LogModuleManager: Shutting down and abandoning module AndroidPlatformEditor (458)
[2017.11.16-07.11.53:863][992]LogModuleManager: Shutting down and abandoning module AndroidDeviceDetection (457)
[2017.11.16-07.11.54:214][992]LogModuleManager: Shutting down and abandoning module WindowsPlatformEditor (454)
[2017.11.16-07.11.54:214][992]LogModuleManager: Shutting down and abandoning module IOSRuntimeSettings (452)
[2017.11.16-07.11.54:214][992]LogModuleManager: Shutting down and abandoning module AndroidRuntimeSettings (450)
[2017.11.16-07.11.54:214][992]LogModuleManager: Shutting down and abandoning module InputBindingEditor (448)
[2017.11.16-07.11.54:214][992]LogModuleManager: Shutting down and abandoning module MergeActors (446)
[2017.11.16-07.11.54:214][992]LogModuleManager: Shutting down and abandoning module SizeMap (444)
[2017.11.16-07.11.54:214][992]LogModuleManager: Shutting down and abandoning module TreeMap (442)
[2017.11.16-07.11.54:214][992]LogModuleManager: Shutting down and abandoning module ReferenceViewer (440)
[2017.11.16-07.11.54:214][992]LogModuleManager: Shutting down and abandoning module LocalizationDashboard (438)
[2017.11.16-07.11.54:214][992]LogModuleManager: Shutting down and abandoning module LocalizationService (437)
[2017.11.16-07.11.54:214][992]LogModuleManager: Shutting down and abandoning module HardwareTargeting (434)
[2017.11.16-07.11.54:214][992]LogModuleManager: Shutting down and abandoning module DeviceProfileEditor (432)
[2017.11.16-07.11.54:214][992]LogModuleManager: Shutting down and abandoning module UndoHistory (430)
[2017.11.16-07.11.54:214][992]LogModuleManager: Shutting down and abandoning module XmlParser (428)
[2017.11.16-07.11.54:214][992]LogModuleManager: Shutting down and abandoning module Blutility (426)
[2017.11.16-07.11.54:214][992]LogModuleManager: Shutting down and abandoning module ProjectSettingsViewer (424)
[2017.11.16-07.11.54:215][992]LogModuleManager: Shutting down and abandoning module ProjectTargetPlatformEditor (423)
[2017.11.16-07.11.54:215][992]LogModuleManager: Shutting down and abandoning module EditorSettingsViewer (420)
[2017.11.16-07.11.54:215][992]LogModuleManager: Shutting down and abandoning module SettingsEditor (418)
[2017.11.16-07.11.54:215][992]LogModuleManager: Shutting down and abandoning module ProjectLauncher (416)
[2017.11.16-07.11.54:215][992]LogModuleManager: Shutting down and abandoning module SessionFrontend (414)
[2017.11.16-07.11.54:215][992]LogModuleManager: Shutting down and abandoning module ProfilerClient (412)
[2017.11.16-07.11.54:215][992]LogModuleManager: Shutting down and abandoning module DeviceManager (410)
[2017.11.16-07.11.54:215][992]LogModuleManager: Shutting down and abandoning module TargetDeviceServices (409)
[2017.11.16-07.11.54:279][992]LogModuleManager: Shutting down and abandoning module AutomationController (406)
[2017.11.16-07.11.54:279][992]LogModuleManager: Shutting down and abandoning module AutomationWindow (404)
[2017.11.16-07.11.54:279][992]LogModuleManager: Shutting down and abandoning module Layers (402)
[2017.11.16-07.11.54:279][992]LogModuleManager: Shutting down and abandoning module ComponentVisualizers (400)
[2017.11.16-07.11.54:279][992]LogModuleManager: Shutting down and abandoning module DetailCustomizations (398)
[2017.11.16-07.11.54:279][992]LogModuleManager: Shutting down and abandoning module PackagesDialog (396)
[2017.11.16-07.11.54:279][992]LogModuleManager: Shutting down and abandoning module Persona (394)
[2017.11.16-07.11.54:279][992]LogModuleManager: Shutting down and abandoning module AdvancedPreviewScene (393)
[2017.11.16-07.11.54:279][992]LogModuleManager: Shutting down and abandoning module AnimGraph (391)
[2017.11.16-07.11.54:279][992]LogModuleManager: Shutting down and abandoning module Kismet (388)
[2017.11.16-07.11.54:279][992]LogModuleManager: Shutting down and abandoning module ClassViewer (386)
[2017.11.16-07.11.54:279][992]LogModuleManager: Shutting down and abandoning module Toolbox (384)
[2017.11.16-07.11.54:279][992]LogModuleManager: Shutting down and abandoning module ModuleUI (382)
[2017.11.16-07.11.54:279][992]LogModuleManager: Shutting down and abandoning module MovieSceneTools (380)
[2017.11.16-07.11.54:280][992]LogModuleManager: Shutting down and abandoning module OutputLog (378)
[2017.11.16-07.11.54:280][992]LogModuleManager: Shutting down and abandoning module GammaUI (376)
[2017.11.16-07.11.54:280][992]LogModuleManager: Shutting down and abandoning module Documentation (374)
[2017.11.16-07.11.54:280][992]LogModuleManager: Shutting down and abandoning module MovieSceneTracks (372)
[2017.11.16-07.11.54:280][992]LogModuleManager: Shutting down and abandoning module MovieScene (370)
[2017.11.16-07.11.54:280][992]LogModuleManager: Shutting down and abandoning module StreamingPauseRendering (368)
[2017.11.16-07.11.54:280][992]LogModuleManager: Shutting down and abandoning module LauncherPlatform (366)
[2017.11.16-07.11.54:280][992]LogModuleManager: Shutting down and abandoning module AnalyticsET (364)
[2017.11.16-07.11.54:280][992]LogModuleManager: Shutting down and abandoning module PortalServices (362)
[2017.11.16-07.11.54:280][992]LogModuleManager: Shutting down and abandoning module PortalRpc (360)
[2017.11.16-07.11.54:280][992]LogModuleManager: Shutting down and abandoning module MessagingRpc (358)
[2017.11.16-07.11.54:280][992]LogModuleManager: Shutting down and abandoning module AIModule (356)
[2017.11.16-07.11.54:280][992]LogModuleManager: Shutting down and abandoning module GameplayDebugger (355)
[2017.11.16-07.11.54:280][992]LogModuleManager: Shutting down and abandoning module AITestSuite (353)
[2017.11.16-07.11.54:280][992]LogModuleManager: Shutting down and abandoning module ProfilerService (350)
[2017.11.16-07.11.54:339][992]LogModuleManager: Shutting down and abandoning module TaskGraph (348)
[2017.11.16-07.11.54:339][992]LogModuleManager: Shutting down and abandoning module SteamVRController (346)
[2017.11.16-07.11.54:339][992]LogModuleManager: Shutting down and abandoning module ProceduralMeshComponentEditor (344)
[2017.11.16-07.11.54:339][992]LogModuleManager: Shutting down and abandoning module ProceduralMeshComponent (342)
[2017.11.16-07.11.54:339][992]LogModuleManager: Shutting down and abandoning module OculusInput (340)
[2017.11.16-07.11.54:339][992]LogModuleManager: Shutting down and abandoning module MobilePatchingUtils (338)
[2017.11.16-07.11.54:339][992]LogModuleManager: Shutting down and abandoning module CustomMeshComponent (336)
[2017.11.16-07.11.54:339][992]LogModuleManager: Shutting down and abandoning module CableComponent (334)
[2017.11.16-07.11.54:339][992]LogModuleManager: Shutting down and abandoning module ArchVisCharacter (332)
[2017.11.16-07.11.54:339][992]LogModuleManager: Shutting down and abandoning module AndroidPermission (330)
[2017.11.16-07.11.54:339][992]LogModuleManager: Shutting down and abandoning module ActorSequence (326)
[2017.11.16-07.11.54:339][992]LogModuleManager: Shutting down and abandoning module MediaPlayerEditor (324)
[2017.11.16-07.11.54:340][992]LogModuleManager: Shutting down and abandoning module MediaCompositingEditor (322)
[2017.11.16-07.11.54:340][992]LogModuleManager: Shutting down and abandoning module MediaCompositing (320)
[2017.11.16-07.11.54:340][992]LogModuleManager: Shutting down and abandoning module HTML5Networking (318)
[2017.11.16-07.11.54:340][992]LogModuleManager: Shutting down and abandoning module AlembicImporter (316)
[2017.11.16-07.11.54:340][992]LogModuleManager: Shutting down and abandoning module AlembicLibrary (315)
[2017.11.16-07.11.54:340][992]LogModuleManager: Shutting down and abandoning module GeometryCache (314)
[2017.11.16-07.11.54:340][992]LogModuleManager: Shutting down and abandoning module GeometryCacheEd (313)
[2017.11.16-07.11.54:340][992]LogModuleManager: Shutting down and abandoning module SpeedTreeImporter (308)
[2017.11.16-07.11.54:340][992]LogModuleManager: Shutting down and abandoning module PluginBrowser (306)
[2017.11.16-07.11.54:340][992]LogModuleManager: Shutting down and abandoning module MobileLauncherProfileWizard (304)
[2017.11.16-07.11.54:340][992]LogModuleManager: Shutting down and abandoning module VisualStudioSourceCodeAccess (302)
[2017.11.16-07.11.54:340][992]LogModuleManager: Shutting down and abandoning module VisualStudioCodeSourceCodeAccess (300)
[2017.11.16-07.11.54:340][992]LogModuleManager: Shutting down and abandoning module UObjectPlugin (298)
[2017.11.16-07.11.54:340][992]LogModuleManager: Shutting down and abandoning module SubversionSourceControl (296)
[2017.11.16-07.11.54:340][992]LogModuleManager: Shutting down and abandoning module PerforceSourceControl (294)
[2017.11.16-07.11.54:340][992]LogModuleManager: Shutting down and abandoning module GitSourceControl (292)
[2017.11.16-07.11.54:340][992]LogModuleManager: Shutting down and abandoning module SourceControl (291)
[2017.11.16-07.11.54:340][992]LogModuleManager: Shutting down and abandoning module LightPropagationVolumeEditor (288)
[2017.11.16-07.11.54:340][992]LogModuleManager: Shutting down and abandoning module PaperTiledImporter (286)
[2017.11.16-07.11.54:340][992]LogModuleManager: Shutting down and abandoning module PaperSpriteSheetImporter (284)
[2017.11.16-07.11.54:340][992]LogModuleManager: Shutting down and abandoning module Paper2DEditor (282)
[2017.11.16-07.11.54:340][992]LogModuleManager: Shutting down and abandoning module MeshPaint (281)
[2017.11.16-07.11.54:340][992]LogModuleManager: Shutting down and abandoning module LevelEditor (279)
[2017.11.16-07.11.54:341][992]LogModuleManager: Shutting down and abandoning module PixelInspectorModule (278)
[2017.11.16-07.11.54:341][992]LogModuleManager: Shutting down and abandoning module MainFrame (276)
[2017.11.16-07.11.54:341][992]LogModuleManager: Shutting down and abandoning module HotReload (275)
[2017.11.16-07.11.54:341][992]LogDirectoryWatcher: A directory notification for 'C:/Users/jpyepez/Documents/Unreal Projects/UE4AutoCamera/Binaries/Win64' was aborted.
[2017.11.16-07.11.54:341][992]LogModuleManager: Shutting down and abandoning module RuntimePhysXCooking (268)
[2017.11.16-07.11.54:342][992]LogModuleManager: Shutting down and abandoning module PhysXVehiclesEditor (266)
[2017.11.16-07.11.54:342][992]LogModuleManager: Shutting down and abandoning module PhysXVehicles (264)
[2017.11.16-07.11.54:342][992]LogModuleManager: Shutting down and abandoning module OculusEditor (262)
[2017.11.16-07.11.54:342][992]LogModuleManager: Shutting down and abandoning module LocationServicesBPLibrary (260)
[2017.11.16-07.11.54:342][992]LogModuleManager: Shutting down and abandoning module ImmediatePhysicsEditor (258)
[2017.11.16-07.11.54:342][992]LogModuleManager: Shutting down and abandoning module ImmediatePhysics (256)
[2017.11.16-07.11.54:342][992]LogModuleManager: Shutting down and abandoning module UdpMessaging (254)
[2017.11.16-07.11.54:444][992]LogModuleManager: Shutting down and abandoning module TcpMessaging (252)
[2017.11.16-07.11.54:590][992]LogModuleManager: Shutting down and abandoning module GameplayTagsEditor (250)
[2017.11.16-07.11.54:590][992]LogModuleManager: Shutting down and abandoning module FacialAnimationEditor (248)
[2017.11.16-07.11.54:590][992]LogModuleManager: Shutting down and abandoning module FacialAnimation (246)
[2017.11.16-07.11.54:590][992]LogModuleManager: Shutting down and abandoning module AssetManagerEditor (244)
[2017.11.16-07.11.54:590][992]LogModuleManager: Shutting down and abandoning module GraphEditor (243)
[2017.11.16-07.11.54:590][992]LogModuleManager: Shutting down and abandoning module ContentBrowser (241)
[2017.11.16-07.11.54:591][992]LogModuleManager: Shutting down and abandoning module LightPropagationVolumeRuntime (238)
[2017.11.16-07.11.54:591][992]LogModuleManager: Shutting down and abandoning module Paper2D (236)
[2017.11.16-07.11.54:591][992]LogModuleManager: Shutting down and abandoning module WindowsMoviePlayer (234)
[2017.11.16-07.11.54:592][992]LogModuleManager: Shutting down and abandoning module WmfMedia (232)
[2017.11.16-07.11.54:592][992]LogModuleManager: Shutting down and abandoning module ImgMedia (230)
[2017.11.16-07.11.54:592][992]LogModuleManager: Shutting down and abandoning module PacketHandler (228)
[2017.11.16-07.11.54:592][992]LogModuleManager: Shutting down and abandoning module ClothingSystemEditor (226)
[2017.11.16-07.11.54:592][992]LogModuleManager: Shutting down and abandoning module ClothingSystemRuntime (224)
[2017.11.16-07.11.54:592][992]LogModuleManager: Shutting down and abandoning module MediaAssets (222)
[2017.11.16-07.11.54:592][992]LogModuleManager: Shutting down and abandoning module Media (221)
[2017.11.16-07.11.54:598][992]LogModuleManager: Shutting down and abandoning module Overlay (218)
[2017.11.16-07.11.54:598][992]LogModuleManager: Shutting down and abandoning module OverlayEditor (217)
[2017.11.16-07.11.54:598][992]LogModuleManager: Shutting down and abandoning module VREditor (214)
[2017.11.16-07.11.54:598][992]LogModuleManager: Shutting down and abandoning module StringTableEditor (212)
[2017.11.16-07.11.54:598][992]LogModuleManager: Shutting down and abandoning module GameplayTasksEditor (210)
[2017.11.16-07.11.54:598][992]LogModuleManager: Shutting down and abandoning module BehaviorTreeEditor (208)
[2017.11.16-07.11.54:598][992]LogModuleManager: Shutting down and abandoning module FunctionalTesting (206)
[2017.11.16-07.11.54:598][992]LogModuleManager: Shutting down and abandoning module CollisionAnalyzer (204)
[2017.11.16-07.11.54:598][992]LogModuleManager: Shutting down and abandoning module WorkspaceMenuStructure (203)
[2017.11.16-07.11.54:598][992]LogModuleManager: Shutting down and abandoning module UMG (200)
[2017.11.16-07.11.54:598][992]LogModuleManager: Shutting down and abandoning module UMGEditor (199)
[2017.11.16-07.11.54:598][992]LogModuleManager: Shutting down and abandoning module Sequencer (198)
[2017.11.16-07.11.54:598][992]LogModuleManager: Shutting down and abandoning module MessageLog (195)
[2017.11.16-07.11.54:599][992]LogModuleManager: Shutting down and abandoning module SlateReflector (190)
[2017.11.16-07.11.54:599][992]LogModuleManager: Shutting down and abandoning module Slate (188)
[2017.11.16-07.11.54:599][992]LogModuleManager: Shutting down and abandoning module EditorStyle (186)
[2017.11.16-07.11.54:601][992]LogModuleManager: Shutting down and abandoning module MRMesh (184)
[2017.11.16-07.11.54:601][992]LogModuleManager: Shutting down and abandoning module SourceCodeAccess (182)
[2017.11.16-07.11.54:601][992]LogModuleManager: Shutting down and abandoning module HeadMountedDisplay (180)
[2017.11.16-07.11.54:601][992]LogModuleManager: Shutting down and abandoning module XAudio2 (178)
[2017.11.16-07.11.54:601][992]LogModuleManager: Shutting down and abandoning module Networking (176)
[2017.11.16-07.11.54:601][992]LogModuleManager: Shutting down and abandoning module Core (172)
[2017.11.16-07.11.54:601][992]LogModuleManager: Shutting down and abandoning module LevelSequence (168)
[2017.11.16-07.11.54:601][992]LogModuleManager: Shutting down and abandoning module DirectoryWatcher (166)
[2017.11.16-07.11.54:602][992]LogModuleManager: Shutting down and abandoning module KismetCompiler (164)
[2017.11.16-07.11.54:602][992]LogModuleManager: Shutting down and abandoning module MeshUtilities (162)
[2017.11.16-07.11.54:602][992]LogModuleManager: Shutting down and abandoning module MeshMergeUtilities (161)
[2017.11.16-07.11.54:602][992]LogModuleManager: Shutting down and abandoning module MeshReductionInterface (160)
[2017.11.16-07.11.54:602][992]LogModuleManager: Shutting down and abandoning module SimplygonSwarm (159)
[2017.11.16-07.11.54:602][992]LogModuleManager: Shutting down and abandoning module SimplygonMeshReduction (157)
[2017.11.16-07.11.54:602][992]LogModuleManager: Shutting down and abandoning module QuadricMeshReduction (155)
[2017.11.16-07.11.54:602][992]LogModuleManager: Shutting down and abandoning module MaterialBaking (151)
[2017.11.16-07.11.54:602][992]LogModuleManager: Shutting down and abandoning module DerivedDataCache (148)
[2017.11.16-07.11.54:686][992]LogDerivedDataCache: Shutdown
[2017.11.16-07.11.54:686][992]LogModuleManager: Shutting down and abandoning module TargetPlatform (146)
[2017.11.16-07.11.54:686][992]LogModuleManager: Shutting down and abandoning module VulkanShaderFormat (145)
[2017.11.16-07.11.54:686][992]LogModuleManager: Shutting down and abandoning module ShaderFormatVectorVM (143)
[2017.11.16-07.11.54:686][992]LogModuleManager: Shutting down and abandoning module ShaderFormatOpenGL (141)
[2017.11.16-07.11.54:686][992]LogModuleManager: Shutting down and abandoning module ShaderFormatD3D (139)
[2017.11.16-07.11.54:686][992]LogModuleManager: Shutting down and abandoning module MetalShaderFormat (137)
[2017.11.16-07.11.54:686][992]LogModuleManager: Shutting down and abandoning module TextureFormatUncompressed (135)
[2017.11.16-07.11.54:686][992]LogModuleManager: Shutting down and abandoning module TextureFormatPVR (133)
[2017.11.16-07.11.54:686][992]LogModuleManager: Shutting down and abandoning module TextureFormatDXT (131)
[2017.11.16-07.11.54:686][992]LogModuleManager: Shutting down and abandoning module TextureFormatIntelISPCTexComp (129)
[2017.11.16-07.11.54:686][992]LogModuleManager: Shutting down and abandoning module TextureFormatASTC (127)
[2017.11.16-07.11.54:686][992]LogModuleManager: Shutting down and abandoning module ImageWrapper (126)
[2017.11.16-07.11.54:686][992]LogModuleManager: Shutting down and abandoning module TextureFormatAndroid (123)
[2017.11.16-07.11.54:686][992]LogModuleManager: Shutting down and abandoning module AudioFormatOpus (121)
[2017.11.16-07.11.54:686][992]LogModuleManager: Shutting down and abandoning module AudioFormatOgg (119)
[2017.11.16-07.11.54:687][992]LogModuleManager: Shutting down and abandoning module AudioFormatADPCM (117)
[2017.11.16-07.11.54:687][992]LogModuleManager: Shutting down and abandoning module LinuxTargetPlatform (115)
[2017.11.16-07.11.54:687][992]LogModuleManager: Shutting down and abandoning module LinuxServerTargetPlatform (113)
[2017.11.16-07.11.54:687][992]LogModuleManager: Shutting down and abandoning module LinuxNoEditorTargetPlatform (111)
[2017.11.16-07.11.54:687][992]LogModuleManager: Shutting down and abandoning module LinuxClientTargetPlatform (109)
[2017.11.16-07.11.54:687][992]LogModuleManager: Shutting down and abandoning module TVOSTargetPlatform (107)
[2017.11.16-07.11.54:687][992]LogModuleManager: Shutting down and abandoning module Messaging (105)
[2017.11.16-07.11.54:687][992]LogModuleManager: Shutting down and abandoning module IOSTargetPlatform (103)
[2017.11.16-07.11.54:687][992]LogModuleManager: Shutting down and abandoning module HTML5TargetPlatform (101)
[2017.11.16-07.11.54:687][992]LogModuleManager: Shutting down and abandoning module AndroidTargetPlatform (99)
[2017.11.16-07.11.54:687][992]LogModuleManager: Shutting down and abandoning module Android_PVRTCTargetPlatform (97)
[2017.11.16-07.11.54:687][992]LogModuleManager: Shutting down and abandoning module Android_MultiTargetPlatform (95)
[2017.11.16-07.11.54:687][992]LogModuleManager: Shutting down and abandoning module Android_ETC2TargetPlatform (93)
[2017.11.16-07.11.54:687][992]LogModuleManager: Shutting down and abandoning module Android_ETC1TargetPlatform (91)
[2017.11.16-07.11.54:687][992]LogModuleManager: Shutting down and abandoning module Android_DXTTargetPlatform (89)
[2017.11.16-07.11.54:687][992]LogModuleManager: Shutting down and abandoning module Android_ATCTargetPlatform (87)
[2017.11.16-07.11.54:687][992]LogModuleManager: Shutting down and abandoning module Android_ASTCTargetPlatform (85)
[2017.11.16-07.11.54:687][992]LogModuleManager: Shutting down and abandoning module WindowsTargetPlatform (83)
[2017.11.16-07.11.54:687][992]LogModuleManager: Shutting down and abandoning module WindowsServerTargetPlatform (81)
[2017.11.16-07.11.54:687][992]LogModuleManager: Shutting down and abandoning module WindowsNoEditorTargetPlatform (79)
[2017.11.16-07.11.54:687][992]LogModuleManager: Shutting down and abandoning module WindowsClientTargetPlatform (77)
[2017.11.16-07.11.54:687][992]LogModuleManager: Shutting down and abandoning module MacTargetPlatform (75)
[2017.11.16-07.11.54:687][992]LogModuleManager: Shutting down and abandoning module MacServerTargetPlatform (73)
[2017.11.16-07.11.54:687][992]LogModuleManager: Shutting down and abandoning module MacNoEditorTargetPlatform (71)
[2017.11.16-07.11.54:687][992]LogModuleManager: Shutting down and abandoning module MacClientTargetPlatform (69)
[2017.11.16-07.11.54:687][992]LogModuleManager: Shutting down and abandoning module AllDesktopTargetPlatform (67)
[2017.11.16-07.11.54:687][992]LogModuleManager: Shutting down and abandoning module InputCore (64)
[2017.11.16-07.11.54:687][992]LogModuleManager: Shutting down and abandoning module Settings (62)
[2017.11.16-07.11.54:687][992]LogModuleManager: Shutting down and abandoning module PhysXCooking (60)
[2017.11.16-07.11.54:687][992]LogModuleManager: Shutting down and abandoning module SteamVR (58)
[2017.11.16-07.11.54:687][992]LogModuleManager: Shutting down and abandoning module OculusHMD (56)
[2017.11.16-07.11.54:687][992]LogModuleManager: Shutting down and abandoning module ExampleDeviceProfileSelector (54)
[2017.11.16-07.11.54:687][992]LogModuleManager: Shutting down and abandoning module AppleARKit (52)
[2017.11.16-07.11.54:687][992]LogModuleManager: Shutting down and abandoning module AugmentedReality (51)
[2017.11.16-07.11.54:687][992]LogModuleManager: Shutting down and abandoning module OnlineBlueprintSupport (48)
[2017.11.16-07.11.54:687][992]LogModuleManager: Shutting down and abandoning module OnlineSubsystem (44)
[2017.11.16-07.11.54:687][992]LogModuleManager: Shutting down and abandoning module XMPP (43)
[2017.11.16-07.11.54:687][992]LogModuleManager: Shutting down and abandoning module HTTP (41)
[2017.11.16-07.11.54:687][992]LogHttp: Display: Http module shutting down, but needs to wait on 1 outstanding Http requests:
[2017.11.16-07.11.54:687][992]LogHttp: Display: 	verb=[POST] url=[https://datarouter.ol.epicgames.com/datarouter/api/v1/public/data?SessionID=%7B9A0892A8-460F-B022-A844-1AB8A08FC0C7%7D&AppID=UEEditor.Rocket.Release&AppVersion=4.18.0-3709383%2B%2B%2BUE4%2BRelease-4.18&UserID=3b594833464ea2447db9ab8f54bfbe9b%7C231ec0329cfc4ae29322f5907af6e17d%7C187fd38b-10f4-4a5b-a426-bcf3c7b52353&AppEnvironment=datacollector-binary&UploadType=eteventstream] status=Processing
[2017.11.16-07.11.54:687][992]LogHttp: Warning: 00000152A2094D00: request failed, libcurl error: 56 (Failure when receiving data from the peer)
[2017.11.16-07.11.54:687][992]LogHttp: Warning: 00000152A2094D00: libcurl info message cache 0 (Hostname www-cache.ecs.vuw.ac.nz was found in DNS cache)
[2017.11.16-07.11.54:687][992]LogHttp: Warning: 00000152A2094D00: libcurl info message cache 1 (  Trying 130.195.5.7...)
[2017.11.16-07.11.54:687][992]LogHttp: Warning: 00000152A2094D00: libcurl info message cache 2 (Connected to www-cache.ecs.vuw.ac.nz (130.195.5.7) port 8080 (#3))
[2017.11.16-07.11.54:687][992]LogHttp: Warning: 00000152A2094D00: libcurl info message cache 3 (Establish HTTP proxy tunnel to datarouter.ol.epicgames.com:443)
[2017.11.16-07.11.54:687][992]LogHttp: Warning: 00000152A2094D00: libcurl info message cache 4 (Ignore 3325 bytes of response-body)
[2017.11.16-07.11.54:687][992]LogHttp: Warning: 00000152A2094D00: libcurl info message cache 5 (Received HTTP code 407 from proxy after CONNECT)
[2017.11.16-07.11.54:687][992]LogHttp: Warning: 00000152A2094D00: libcurl info message cache 6 (Closing connection 3)
[2017.11.16-07.11.54:699][992]LogModuleManager: Shutting down and abandoning module SSL (40)
[2017.11.16-07.11.54:700][992]LogModuleManager: Shutting down and abandoning module AnimationModifiers (36)
[2017.11.16-07.11.54:700][992]LogModuleManager: Shutting down and abandoning module PropertyEditor (35)
[2017.11.16-07.11.54:700][992]LogModuleManager: Shutting down and abandoning module AudioEditor (32)
[2017.11.16-07.11.54:700][992]LogModuleManager: Shutting down and abandoning module TextureCompressor (30)
[2017.11.16-07.11.54:701][992]LogModuleManager: Shutting down and abandoning module ShaderCore (28)
[2017.11.16-07.11.54:701][992]LogModuleManager: Shutting down and abandoning module Landscape (26)
[2017.11.16-07.11.54:701][992]LogModuleManager: Shutting down and abandoning module SlateRHIRenderer (24)
[2017.11.16-07.11.54:701][992]LogModuleManager: Shutting down and abandoning module OpenGLDrv (22)
[2017.11.16-07.11.54:701][992]LogModuleManager: Shutting down and abandoning module D3D11RHI (20)
[2017.11.16-07.11.54:701][992]LogModuleManager: Shutting down and abandoning module AnimGraphRuntime (18)
[2017.11.16-07.11.54:701][992]LogModuleManager: Shutting down and abandoning module Renderer (16)
[2017.11.16-07.11.54:701][992]LogModuleManager: Shutting down and abandoning module Engine (14)
[2017.11.16-07.11.54:701][992]LogModuleManager: Shutting down and abandoning module CoreUObject (12)
[2017.11.16-07.11.54:701][992]LogModuleManager: Shutting down and abandoning module NetworkFile (10)
[2017.11.16-07.11.54:701][992]LogModuleManager: Shutting down and abandoning module CookedIterativeFile (8)
[2017.11.16-07.11.54:701][992]LogModuleManager: Shutting down and abandoning module StreamingFile (6)
[2017.11.16-07.11.54:701][992]LogModuleManager: Shutting down and abandoning module SandboxFile (4)
[2017.11.16-07.11.54:701][992]LogModuleManager: Shutting down and abandoning module PakFile (2)
[2017.11.16-07.11.54:705][992]LogExit: Exiting.
[2017.11.16-07.11.54:712][992]Log file closed, 11/16/17 20:11:54
